(.venv) ‚ē≠‚ĒÄvikram.nehre at TR-H4HRW6MV50 in ~/GitHub/saffron_design_system/core-packages on feat/ado-sync-setup‚úė‚úė‚úė 26-03-16 - 12:00:57
‚ēį‚ĒÄ(.venv) ‚††‚†Ķ ado-sync push
ado-sync push
Config:  /Users/vikram.nehre/GitHub/saffron_design_system/core-packages/ado-sync.json
Project: Design%20Organization
Plan:    139952

  [‚ĖĎ‚ĖĎ‚ĖĎ‚ĖĎ‚ĖĎ‚ĖĎ‚ĖĎ‚ĖĎ‚ĖĎ‚ĖĎ‚ĖĎ‚ĖĎ‚ĖĎ‚ĖĎ‚ĖĎ‚ĖĎ‚ĖĎ‚ĖĎ‚ĖĎ‚ĖĎ] 0/55  ‚ú¶ ai `disabled` attribute propagates to th‚Ä¶                                    [ai-summary] local provider requires --ai-model <path/to/model.gguf>, falling back to heuristic
  [‚ĖĎ‚ĖĎ‚ĖĎ‚ĖĎ‚ĖĎ‚ĖĎ‚ĖĎ‚ĖĎ‚ĖĎ‚ĖĎ‚ĖĎ‚ĖĎ‚ĖĎ‚ĖĎ‚ĖĎ‚ĖĎ‚ĖĎ‚ĖĎ‚ĖĎ‚ĖĎ] 1/55  ‚ú¶ ai should set the `${attrToken}` attribu‚Ä¶                                    [ai-summary] local provider requires --ai-model <path/to/model.gguf>, falling back to heuristic
  [‚Ėą‚ĖĎ‚ĖĎ‚ĖĎ‚ĖĎ‚ĖĎ‚ĖĎ‚ĖĎ‚ĖĎ‚ĖĎ‚ĖĎ‚ĖĎ‚ĖĎ‚ĖĎ‚ĖĎ‚ĖĎ‚ĖĎ‚ĖĎ‚ĖĎ‚ĖĎ] 2/55  ‚ú¶ ai `form` attribute is set on the intern‚Ä¶                                    [ai-summary] local provider requires --ai-model <path/to/model.gguf>, falling back to heuristic
  [‚Ėą‚ĖĎ‚ĖĎ‚ĖĎ‚ĖĎ‚ĖĎ‚ĖĎ‚ĖĎ‚ĖĎ‚ĖĎ‚ĖĎ‚ĖĎ‚ĖĎ‚ĖĎ‚ĖĎ‚ĖĎ‚ĖĎ‚ĖĎ‚ĖĎ‚ĖĎ] 3/55  ‚ú¶ ai `autofocus` attribute propagates to t‚Ä¶                                    [ai-summary] local provider requires --ai-model <path/to/model.gguf>, falling back to heuristic
  [‚Ėą‚ĖĎ‚ĖĎ‚ĖĎ‚ĖĎ‚ĖĎ‚ĖĎ‚ĖĎ‚ĖĎ‚ĖĎ‚ĖĎ‚ĖĎ‚ĖĎ‚ĖĎ‚ĖĎ‚ĖĎ‚ĖĎ‚ĖĎ‚ĖĎ‚ĖĎ] 4/55  ‚ú¶ ai Button of type `submit` submits the p‚Ä¶                                    [ai-summary] local provider requires --ai-model <path/to/model.gguf>, falling back to heuristic
  [‚Ėą‚Ėą‚ĖĎ‚ĖĎ‚ĖĎ‚ĖĎ‚ĖĎ‚ĖĎ‚ĖĎ‚ĖĎ‚ĖĎ‚ĖĎ‚ĖĎ‚ĖĎ‚ĖĎ‚ĖĎ‚ĖĎ‚ĖĎ‚ĖĎ‚ĖĎ] 5/55  ‚ú¶ ai Button of type `reset` resets the par‚Ä¶                                    [ai-summary] local provider requires --ai-model <path/to/model.gguf>, falling back to heuristic
  [‚Ėą‚Ėą‚ĖĎ‚ĖĎ‚ĖĎ‚ĖĎ‚ĖĎ‚ĖĎ‚ĖĎ‚ĖĎ‚ĖĎ‚ĖĎ‚ĖĎ‚ĖĎ‚ĖĎ‚ĖĎ‚ĖĎ‚ĖĎ‚ĖĎ‚ĖĎ] 6/55  ‚ú¶ ai Click events do not propagate when th‚Ä¶                                    [ai-summary] local provider requires --ai-model <path/to/model.gguf>, falling back to heuristic
  [‚Ėą‚Ėą‚Ėą‚ĖĎ‚ĖĎ‚ĖĎ‚ĖĎ‚ĖĎ‚ĖĎ‚ĖĎ‚ĖĎ‚ĖĎ‚ĖĎ‚ĖĎ‚ĖĎ‚ĖĎ‚ĖĎ‚ĖĎ‚ĖĎ‚ĖĎ] 7/55  ‚ú¶ ai `appearance="primary"` is reflected o‚Ä¶                                    [ai-summary] local provider requires --ai-model <path/to/model.gguf>, falling back to heuristic
  [‚Ėą‚Ėą‚Ėą‚ĖĎ‚ĖĎ‚ĖĎ‚ĖĎ‚ĖĎ‚ĖĎ‚ĖĎ‚ĖĎ‚ĖĎ‚ĖĎ‚ĖĎ‚ĖĎ‚ĖĎ‚ĖĎ‚ĖĎ‚ĖĎ‚ĖĎ] 8/55  ‚ú¶ ai `appearance="secondary"` is reflected‚Ä¶                                    [ai-summary] local provider requires --ai-model <path/to/model.gguf>, falling back to heuristic
  [‚Ėą‚Ėą‚Ėą‚ĖĎ‚ĖĎ‚ĖĎ‚ĖĎ‚ĖĎ‚ĖĎ‚ĖĎ‚ĖĎ‚ĖĎ‚ĖĎ‚ĖĎ‚ĖĎ‚ĖĎ‚ĖĎ‚ĖĎ‚ĖĎ‚ĖĎ] 9/55  ‚ú¶ ai `appearance="tertiary"` is reflected ‚Ä¶                                    [ai-summary] local provider requires --ai-model <path/to/model.gguf>, falling back to heuristic
  [‚Ėą‚Ėą‚Ėą‚Ėą‚ĖĎ‚ĖĎ‚ĖĎ‚ĖĎ‚ĖĎ‚ĖĎ‚ĖĎ‚ĖĎ‚ĖĎ‚ĖĎ‚ĖĎ‚ĖĎ‚ĖĎ‚ĖĎ‚ĖĎ‚ĖĎ] 10/55  ‚ú¶ ai Empty or unrecognised `appearance` va‚Ä¶                                   [ai-summary] local provider requires --ai-model <path/to/model.gguf>, falling back to heuristic
  [‚Ėą‚Ėą‚Ėą‚Ėą‚ĖĎ‚ĖĎ‚ĖĎ‚ĖĎ‚ĖĎ‚ĖĎ‚ĖĎ‚ĖĎ‚ĖĎ‚ĖĎ‚ĖĎ‚ĖĎ‚ĖĎ‚ĖĎ‚ĖĎ‚ĖĎ] 11/55  ‚ú¶ ai `icon-only` attribute is reflected on‚Ä¶                                   [ai-summary] local provider requires --ai-model <path/to/model.gguf>, falling back to heuristic
  [‚Ėą‚Ėą‚Ėą‚Ėą‚ĖĎ‚ĖĎ‚ĖĎ‚ĖĎ‚ĖĎ‚ĖĎ‚ĖĎ‚ĖĎ‚ĖĎ‚ĖĎ‚ĖĎ‚ĖĎ‚ĖĎ‚ĖĎ‚ĖĎ‚ĖĎ] 12/55  ‚ú¶ ai `nested-item` attribute is reflected ‚Ä¶                                   [ai-summary] local provider requires --ai-model <path/to/model.gguf>, falling back to heuristic
  [‚Ėą‚Ėą‚Ėą‚Ėą‚Ėą‚ĖĎ‚ĖĎ‚ĖĎ‚ĖĎ‚ĖĎ‚ĖĎ‚ĖĎ‚ĖĎ‚ĖĎ‚ĖĎ‚ĖĎ‚ĖĎ‚ĖĎ‚ĖĎ‚ĖĎ] 13/55  ‚ú¶ ai `shape` attribute is reflected on the‚Ä¶                                   [ai-summary] local provider requires --ai-model <path/to/model.gguf>, falling back to heuristic
  [‚Ėą‚Ėą‚Ėą‚Ėą‚Ėą‚ĖĎ‚ĖĎ‚ĖĎ‚ĖĎ‚ĖĎ‚ĖĎ‚ĖĎ‚ĖĎ‚ĖĎ‚ĖĎ‚ĖĎ‚ĖĎ‚ĖĎ‚ĖĎ‚ĖĎ] 14/55  ‚ú¶ ai `layout` attribute is reflected on th‚Ä¶                                   [ai-summary] local provider requires --ai-model <path/to/model.gguf>, falling back to heuristic
  [‚Ėą‚Ėą‚Ėą‚Ėą‚Ėą‚ĖĎ‚ĖĎ‚ĖĎ‚ĖĎ‚ĖĎ‚ĖĎ‚ĖĎ‚ĖĎ‚ĖĎ‚ĖĎ‚ĖĎ‚ĖĎ‚ĖĎ‚ĖĎ‚ĖĎ] 15/55  ‚ú¶ ai `formnovalidate` attribute propagates‚Ä¶                                   [ai-summary] local provider requires --ai-model <path/to/model.gguf>, falling back to heuristic
  [‚Ėą‚Ėą‚Ėą‚Ėą‚Ėą‚Ėą‚ĖĎ‚ĖĎ‚ĖĎ‚ĖĎ‚ĖĎ‚ĖĎ‚ĖĎ‚ĖĎ‚ĖĎ‚ĖĎ‚ĖĎ‚ĖĎ‚ĖĎ‚ĖĎ] 16/55  ‚ú¶ ai `density="standard"` is reflected on ‚Ä¶                                   [ai-summary] local provider requires --ai-model <path/to/model.gguf>, falling back to heuristic
  [‚Ėą‚Ėą‚Ėą‚Ėą‚Ėą‚Ėą‚ĖĎ‚ĖĎ‚ĖĎ‚ĖĎ‚ĖĎ‚ĖĎ‚ĖĎ‚ĖĎ‚ĖĎ‚ĖĎ‚ĖĎ‚ĖĎ‚ĖĎ‚ĖĎ] 17/55  ‚ú¶ ai `density="compact"` is reflected on t‚Ä¶                                   [ai-summary] local provider requires --ai-model <path/to/model.gguf>, falling back to heuristic
  [‚Ėą‚Ėą‚Ėą‚Ėą‚Ėą‚Ėą‚Ėą‚ĖĎ‚ĖĎ‚ĖĎ‚ĖĎ‚ĖĎ‚ĖĎ‚ĖĎ‚ĖĎ‚ĖĎ‚ĖĎ‚ĖĎ‚ĖĎ‚ĖĎ] 18/55  ‚ú¶ ai Internal button gets `aria-describedb‚Ä¶                                   [ai-summary] local provider requires --ai-model <path/to/model.gguf>, falling back to heuristic
  [‚Ėą‚Ėą‚Ėą‚Ėą‚Ėą‚Ėą‚Ėą‚ĖĎ‚ĖĎ‚ĖĎ‚ĖĎ‚ĖĎ‚ĖĎ‚ĖĎ‚ĖĎ‚ĖĎ‚ĖĎ‚ĖĎ‚ĖĎ‚ĖĎ] 19/55  ‚ú¶ ai Internal button gets `role` when `a11‚Ä¶                                   [ai-summary] local provider requires --ai-model <path/to/model.gguf>, falling back to heuristic
  [‚Ėą‚Ėą‚Ėą‚Ėą‚Ėą‚Ėą‚Ėą‚ĖĎ‚ĖĎ‚ĖĎ‚ĖĎ‚ĖĎ‚ĖĎ‚ĖĎ‚ĖĎ‚ĖĎ‚ĖĎ‚ĖĎ‚ĖĎ‚ĖĎ] 20/55  ‚ú¶ ai Inline appearance and `density="inher‚Ä¶                                   [ai-summary] local provider requires --ai-model <path/to/model.gguf>, falling back to heuristic
  [‚Ėą‚Ėą‚Ėą‚Ėą‚Ėą‚Ėą‚Ėą‚Ėą‚ĖĎ‚ĖĎ‚ĖĎ‚ĖĎ‚ĖĎ‚ĖĎ‚ĖĎ‚ĖĎ‚ĖĎ‚ĖĎ‚ĖĎ‚ĖĎ] 21/55  ‚ú¶ ai Button click propagates as a document‚Ä¶                                   [ai-summary] local provider requires --ai-model <path/to/model.gguf>, falling back to heuristic
  [‚Ėą‚Ėą‚Ėą‚Ėą‚Ėą‚Ėą‚Ėą‚Ėą‚ĖĎ‚ĖĎ‚ĖĎ‚ĖĎ‚ĖĎ‚ĖĎ‚ĖĎ‚ĖĎ‚ĖĎ‚ĖĎ‚ĖĎ‚ĖĎ] 22/55  ‚ú¶ ai Button fires `mouseenter` and `mousel‚Ä¶                                   [ai-summary] local provider requires --ai-model <path/to/model.gguf>, falling back to heuristic
  [‚Ėą‚Ėą‚Ėą‚Ėą‚Ėą‚Ėą‚Ėą‚Ėą‚ĖĎ‚ĖĎ‚ĖĎ‚ĖĎ‚ĖĎ‚ĖĎ‚ĖĎ‚ĖĎ‚ĖĎ‚ĖĎ‚ĖĎ‚ĖĎ] 23/55  ‚ú¶ ai Focus moves between buttons using Tab‚Ä¶                                   [ai-summary] local provider requires --ai-model <path/to/model.gguf>, falling back to heuristic
  [‚Ėą‚Ėą‚Ėą‚Ėą‚Ėą‚Ėą‚Ėą‚Ėą‚Ėą‚ĖĎ‚ĖĎ‚ĖĎ‚ĖĎ‚ĖĎ‚ĖĎ‚ĖĎ‚ĖĎ‚ĖĎ‚ĖĎ‚ĖĎ] 24/55  ‚ú¶ ai Button activates via Enter and Space ‚Ä¶                                   [ai-summary] local provider requires --ai-model <path/to/model.gguf>, falling back to heuristic
  [‚Ėą‚Ėą‚Ėą‚Ėą‚Ėą‚Ėą‚Ėą‚Ėą‚Ėą‚ĖĎ‚ĖĎ‚ĖĎ‚ĖĎ‚ĖĎ‚ĖĎ‚ĖĎ‚ĖĎ‚ĖĎ‚ĖĎ‚ĖĎ] 25/55  ‚ú¶ ai Submit button triggers the form's `su‚Ä¶                                   [ai-summary] local provider requires --ai-model <path/to/model.gguf>, falling back to heuristic
  [‚Ėą‚Ėą‚Ėą‚Ėą‚Ėą‚Ėą‚Ėą‚Ėą‚Ėą‚ĖĎ‚ĖĎ‚ĖĎ‚ĖĎ‚ĖĎ‚ĖĎ‚ĖĎ‚ĖĎ‚ĖĎ‚ĖĎ‚ĖĎ] 26/55  ‚ú¶ ai Reset button restores form fields to ‚Ä¶                                   [ai-summary] local provider requires --ai-model <path/to/model.gguf>, falling back to heuristic
  [‚Ėą‚Ėą‚Ėą‚Ėą‚Ėą‚Ėą‚Ėą‚Ėą‚Ėą‚Ėą‚ĖĎ‚ĖĎ‚ĖĎ‚ĖĎ‚ĖĎ‚ĖĎ‚ĖĎ‚ĖĎ‚ĖĎ‚ĖĎ] 27/55  ‚ú¶ ai Submit button triggers form validatio‚Ä¶                                   [ai-summary] local provider requires --ai-model <path/to/model.gguf>, falling back to heuristic
  [‚Ėą‚Ėą‚Ėą‚Ėą‚Ėą‚Ėą‚Ėą‚Ėą‚Ėą‚Ėą‚ĖĎ‚ĖĎ‚ĖĎ‚ĖĎ‚ĖĎ‚ĖĎ‚ĖĎ‚ĖĎ‚ĖĎ‚ĖĎ] 28/55  ‚ú¶ ai Multi-step form progresses through st‚Ä¶                                   [ai-summary] local provider requires --ai-model <path/to/model.gguf>, falling back to heuristic
  [‚Ėą‚Ėą‚Ėą‚Ėą‚Ėą‚Ėą‚Ėą‚Ėą‚Ėą‚Ėą‚Ėą‚ĖĎ‚ĖĎ‚ĖĎ‚ĖĎ‚ĖĎ‚ĖĎ‚ĖĎ‚ĖĎ‚ĖĎ] 29/55  ‚ú¶ ai `aria-pressed` and `aria-expanded` to‚Ä¶                                   [ai-summary] local provider requires --ai-model <path/to/model.gguf>, falling back to heuristic
  [‚Ėą‚Ėą‚Ėą‚Ėą‚Ėą‚Ėą‚Ėą‚Ėą‚Ėą‚Ėą‚Ėą‚ĖĎ‚ĖĎ‚ĖĎ‚ĖĎ‚ĖĎ‚ĖĎ‚ĖĎ‚ĖĎ‚ĖĎ] 30/55  ‚ú¶ ai Button with `aria-describedby` and `a‚Ä¶                                   [ai-summary] local provider requires --ai-model <path/to/model.gguf>, falling back to heuristic
  [‚Ėą‚Ėą‚Ėą‚Ėą‚Ėą‚Ėą‚Ėą‚Ėą‚Ėą‚Ėą‚Ėą‚ĖĎ‚ĖĎ‚ĖĎ‚ĖĎ‚ĖĎ‚ĖĎ‚ĖĎ‚ĖĎ‚ĖĎ] 31/55  ‚ú¶ ai Secondary button enables a disabled p‚Ä¶                                   [ai-summary] local provider requires --ai-model <path/to/model.gguf>, falling back to heuristic
  [‚Ėą‚Ėą‚Ėą‚Ėą‚Ėą‚Ėą‚Ėą‚Ėą‚Ėą‚Ėą‚Ėą‚Ėą‚ĖĎ‚ĖĎ‚ĖĎ‚ĖĎ‚ĖĎ‚ĖĎ‚ĖĎ‚ĖĎ] 32/55  ‚ú¶ ai Draggable button can be dragged and d‚Ä¶                                   [ai-summary] local provider requires --ai-model <path/to/model.gguf>, falling back to heuristic
  [‚Ėą‚Ėą‚Ėą‚Ėą‚Ėą‚Ėą‚Ėą‚Ėą‚Ėą‚Ėą‚Ėą‚Ėą‚ĖĎ‚ĖĎ‚ĖĎ‚ĖĎ‚ĖĎ‚ĖĎ‚ĖĎ‚ĖĎ] 33/55  ‚ú¶ ai `aria-controls` is set on the interna‚Ä¶                                   [ai-summary] local provider requires --ai-model <path/to/model.gguf>, falling back to heuristic
  [‚Ėą‚Ėą‚Ėą‚Ėą‚Ėą‚Ėą‚Ėą‚Ėą‚Ėą‚Ėą‚Ėą‚Ėą‚ĖĎ‚ĖĎ‚ĖĎ‚ĖĎ‚ĖĎ‚ĖĎ‚ĖĎ‚ĖĎ] 34/55  ‚ú¶ ai `aria-haspopup` is set on the interna‚Ä¶                                   [ai-summary] local provider requires --ai-model <path/to/model.gguf>, falling back to heuristic
  [‚Ėą‚Ėą‚Ėą‚Ėą‚Ėą‚Ėą‚Ėą‚Ėą‚Ėą‚Ėą‚Ėą‚Ėą‚Ėą‚ĖĎ‚ĖĎ‚ĖĎ‚ĖĎ‚ĖĎ‚ĖĎ‚ĖĎ] 35/55  ‚ú¶ ai `aria-expanded` on the internal contr‚Ä¶                                   [ai-summary] local provider requires --ai-model <path/to/model.gguf>, falling back to heuristic
  [‚Ėą‚Ėą‚Ėą‚Ėą‚Ėą‚Ėą‚Ėą‚Ėą‚Ėą‚Ėą‚Ėą‚Ėą‚Ėą‚ĖĎ‚ĖĎ‚ĖĎ‚ĖĎ‚ĖĎ‚ĖĎ‚ĖĎ] 36/55  ‚ú¶ ai `aria-pressed` state can be toggled o‚Ä¶                                   [ai-summary] local provider requires --ai-model <path/to/model.gguf>, falling back to heuristic
  [‚Ėą‚Ėą‚Ėą‚Ėą‚Ėą‚Ėą‚Ėą‚Ėą‚Ėą‚Ėą‚Ėą‚Ėą‚Ėą‚ĖĎ‚ĖĎ‚ĖĎ‚ĖĎ‚ĖĎ‚ĖĎ‚ĖĎ] 37/55  ‚ú¶ ai `aria-selected` and `role` attributes‚Ä¶                                   [ai-summary] local provider requires --ai-model <path/to/model.gguf>, falling back to heuristic
  [‚Ėą‚Ėą‚Ėą‚Ėą‚Ėą‚Ėą‚Ėą‚Ėą‚Ėą‚Ėą‚Ėą‚Ėą‚Ėą‚Ėą‚ĖĎ‚ĖĎ‚ĖĎ‚ĖĎ‚ĖĎ‚ĖĎ] 38/55  ‚ú¶ ai Custom `aria-label` is set on the int‚Ä¶                                   [ai-summary] local provider requires --ai-model <path/to/model.gguf>, falling back to heuristic
  [‚Ėą‚Ėą‚Ėą‚Ėą‚Ėą‚Ėą‚Ėą‚Ėą‚Ėą‚Ėą‚Ėą‚Ėą‚Ėą‚Ėą‚ĖĎ‚ĖĎ‚ĖĎ‚ĖĎ‚ĖĎ‚ĖĎ] 39/55  ‚ú¶ ai Progress bar ARIA attributes are set ‚Ä¶                                   [ai-summary] local provider requires --ai-model <path/to/model.gguf>, falling back to heuristic
  [‚Ėą‚Ėą‚Ėą‚Ėą‚Ėą‚Ėą‚Ėą‚Ėą‚Ėą‚Ėą‚Ėą‚Ėą‚Ėą‚Ėą‚Ėą‚ĖĎ‚ĖĎ‚ĖĎ‚ĖĎ‚ĖĎ] 40/55  ‚ú¶ ai `aria-valuetext` is set on the intern‚Ä¶                                   [ai-summary] local provider requires --ai-model <path/to/model.gguf>, falling back to heuristic
  [‚Ėą‚Ėą‚Ėą‚Ėą‚Ėą‚Ėą‚Ėą‚Ėą‚Ėą‚Ėą‚Ėą‚Ėą‚Ėą‚Ėą‚Ėą‚ĖĎ‚ĖĎ‚ĖĎ‚ĖĎ‚ĖĎ] 41/55  ‚ú¶ ai `aria-orientation` on the internal co‚Ä¶                                   [ai-summary] local provider requires --ai-model <path/to/model.gguf>, falling back to heuristic
  [‚Ėą‚Ėą‚Ėą‚Ėą‚Ėą‚Ėą‚Ėą‚Ėą‚Ėą‚Ėą‚Ėą‚Ėą‚Ėą‚Ėą‚Ėą‚ĖĎ‚ĖĎ‚ĖĎ‚ĖĎ‚ĖĎ] 42/55  ‚ú¶ ai `aria-roledescription` is set on the ‚Ä¶                                   [ai-summary] local provider requires --ai-model <path/to/model.gguf>, falling back to heuristic
  [‚Ėą‚Ėą‚Ėą‚Ėą‚Ėą‚Ėą‚Ėą‚Ėą‚Ėą‚Ėą‚Ėą‚Ėą‚Ėą‚Ėą‚Ėą‚Ėą‚ĖĎ‚ĖĎ‚ĖĎ‚ĖĎ] 43/55  ‚ú¶ ai Disabled button has both `disabled` a‚Ä¶                                   [ai-summary] local provider requires --ai-model <path/to/model.gguf>, falling back to heuristic
  [‚Ėą‚Ėą‚Ėą‚Ėą‚Ėą‚Ėą‚Ėą‚Ėą‚Ėą‚Ėą‚Ėą‚Ėą‚Ėą‚Ėą‚Ėą‚Ėą‚ĖĎ‚ĖĎ‚ĖĎ‚ĖĎ] 44/55  ‚ú¶ ai `aria-describedby` referencing multip‚Ä¶                                   [ai-summary] local provider requires --ai-model <path/to/model.gguf>, falling back to heuristic
  [‚Ėą‚Ėą‚Ėą‚Ėą‚Ėą‚Ėą‚Ėą‚Ėą‚Ėą‚Ėą‚Ėą‚Ėą‚Ėą‚Ėą‚Ėą‚Ėą‚ĖĎ‚ĖĎ‚ĖĎ‚ĖĎ] 45/55  ‚ú¶ ai `aria-hidden` is reflected for decora‚Ä¶                                   [ai-summary] local provider requires --ai-model <path/to/model.gguf>, falling back to heuristic
  [‚Ėą‚Ėą‚Ėą‚Ėą‚Ėą‚Ėą‚Ėą‚Ėą‚Ėą‚Ėą‚Ėą‚Ėą‚Ėą‚Ėą‚Ėą‚Ėą‚Ėą‚ĖĎ‚ĖĎ‚ĖĎ] 46/55  ‚ú¶ ai `aria-keyshortcuts` is reflected and ‚Ä¶                                   [ai-summary] local provider requires --ai-model <path/to/model.gguf>, falling back to heuristic
  [‚Ėą‚Ėą‚Ėą‚Ėą‚Ėą‚Ėą‚Ėą‚Ėą‚Ėą‚Ėą‚Ėą‚Ėą‚Ėą‚Ėą‚Ėą‚Ėą‚Ėą‚ĖĎ‚ĖĎ‚ĖĎ] 47/55  ‚ú¶ ai Clicking the button updates a live re‚Ä¶                                   [ai-summary] local provider requires --ai-model <path/to/model.gguf>, falling back to heuristic
  [‚Ėą‚Ėą‚Ėą‚Ėą‚Ėą‚Ėą‚Ėą‚Ėą‚Ėą‚Ėą‚Ėą‚Ėą‚Ėą‚Ėą‚Ėą‚Ėą‚Ėą‚ĖĎ‚ĖĎ‚ĖĎ] 48/55  ‚ú¶ ai Focus moves through buttons in a grou‚Ä¶                                   [ai-summary] local provider requires --ai-model <path/to/model.gguf>, falling back to heuristic
  [‚Ėą‚Ėą‚Ėą‚Ėą‚Ėą‚Ėą‚Ėą‚Ėą‚Ėą‚Ėą‚Ėą‚Ėą‚Ėą‚Ėą‚Ėą‚Ėą‚Ėą‚Ėą‚ĖĎ‚ĖĎ] 49/55  ‚ú¶ ai Primary button has non-empty computed‚Ä¶                                   [ai-summary] local provider requires --ai-model <path/to/model.gguf>, falling back to heuristic
  [‚Ėą‚Ėą‚Ėą‚Ėą‚Ėą‚Ėą‚Ėą‚Ėą‚Ėą‚Ėą‚Ėą‚Ėą‚Ėą‚Ėą‚Ėą‚Ėą‚Ėą‚Ėą‚ĖĎ‚ĖĎ] 50/55  ‚ú¶ ai Clicking a toggle button updates `ari‚Ä¶                                   [ai-summary] local provider requires --ai-model <path/to/model.gguf>, falling back to heuristic
  [‚Ėą‚Ėą‚Ėą‚Ėą‚Ėą‚Ėą‚Ėą‚Ėą‚Ėą‚Ėą‚Ėą‚Ėą‚Ėą‚Ėą‚Ėą‚Ėą‚Ėą‚Ėą‚Ėą‚ĖĎ] 51/55  ‚ú¶ ai Button references a tooltip via `aria‚Ä¶                                   [ai-summary] local provider requires --ai-model <path/to/model.gguf>, falling back to heuristic
  [‚Ėą‚Ėą‚Ėą‚Ėą‚Ėą‚Ėą‚Ėą‚Ėą‚Ėą‚Ėą‚Ėą‚Ėą‚Ėą‚Ėą‚Ėą‚Ėą‚Ėą‚Ėą‚Ėą‚ĖĎ] 52/55  ‚ú¶ ai Submit button reflects validation sta‚Ä¶                                   [ai-summary] local provider requires --ai-model <path/to/model.gguf>, falling back to heuristic
  [‚Ėą‚Ėą‚Ėą‚Ėą‚Ėą‚Ėą‚Ėą‚Ėą‚Ėą‚Ėą‚Ėą‚Ėą‚Ėą‚Ėą‚Ėą‚Ėą‚Ėą‚Ėą‚Ėą‚ĖĎ] 53/55  ‚ú¶ ai `aria-flowto` references a following ‚Ä¶                                   [ai-summary] local provider requires --ai-model <path/to/model.gguf>, falling back to heuristic
  [‚Ėą‚Ėą‚Ėą‚Ėą‚Ėą‚Ėą‚Ėą‚Ėą‚Ėą‚Ėą‚Ėą‚Ėą‚Ėą‚Ėą‚Ėą‚Ėą‚Ėą‚Ėą‚Ėą‚Ėą] 54/55  ‚ú¶ ai Multiple accessibility attributes are‚Ä¶                                   [ai-summary] local provider requires --ai-model <path/to/model.gguf>, falling back to heuristic
‚úó core-components/src/components/button/__test__/button.pw.spec.ts: `disabled` attribute propagates to the internal control and can be toggled ‚ÄĒ Failed to create test case for: `disabled` attribute propagates to the internal control and can be toggled
‚úó core-components/src/components/button/__test__/button.pw.spec.ts: should set the `${attrToken}` attribute to `${value}` ‚ÄĒ Failed to create test case for: should set the `${attrToken}` attribute to `${value}`
‚úó core-components/src/components/button/__test__/button.pw.spec.ts: `form` attribute is set on the internal button when `formId` property is provided ‚ÄĒ Failed to create test case for: `form` attribute is set on the internal button when `formId` property is provided
‚úó core-components/src/components/button/__test__/button.pw.spec.ts: `autofocus` attribute propagates to the internal control and can be toggled ‚ÄĒ Failed to create test case for: `autofocus` attribute propagates to the internal control and can be toggled
‚úó core-components/src/components/button/__test__/button.pw.spec.ts: Button of type `submit` submits the parent form on click ‚ÄĒ Failed to create test case for: Button of type `submit` submits the parent form on click
‚úó core-components/src/components/button/__test__/button.pw.spec.ts: Button of type `reset` resets the parent form on click ‚ÄĒ Failed to create test case for: Button of type `reset` resets the parent form on click
‚úó core-components/src/components/button/__test__/button.pw.spec.ts: Click events do not propagate when the button is disabled ‚ÄĒ Failed to create test case for: Click events do not propagate when the button is disabled
‚úó core-components/src/components/button/__test__/button.pw.spec.ts: `appearance="primary"` is reflected on the button element ‚ÄĒ Failed to create test case for: `appearance="primary"` is reflected on the button element
‚úó core-components/src/components/button/__test__/button.pw.spec.ts: `appearance="secondary"` is reflected on the button element ‚ÄĒ Failed to create test case for: `appearance="secondary"` is reflected on the button element
‚úó core-components/src/components/button/__test__/button.pw.spec.ts: `appearance="tertiary"` is reflected on the button element ‚ÄĒ Failed to create test case for: `appearance="tertiary"` is reflected on the button element
‚úó core-components/src/components/button/__test__/button.pw.spec.ts: Empty or unrecognised `appearance` value is not reflected as an empty attribute ‚ÄĒ Failed to create test case for: Empty or unrecognised `appearance` value is not reflected as an empty attribute
‚úó core-components/src/components/button/__test__/button.pw.spec.ts: `icon-only` attribute is reflected on the button element ‚ÄĒ Failed to create test case for: `icon-only` attribute is reflected on the button element
‚úó core-components/src/components/button/__test__/button.pw.spec.ts: `nested-item` attribute is reflected on the button element ‚ÄĒ Failed to create test case for: `nested-item` attribute is reflected on the button element
‚úó core-components/src/components/button/__test__/button.pw.spec.ts: `shape` attribute is reflected on the button element ‚ÄĒ Failed to create test case for: `shape` attribute is reflected on the button element
‚úó core-components/src/components/button/__test__/button.pw.spec.ts: `layout` attribute is reflected on the button element ‚ÄĒ Failed to create test case for: `layout` attribute is reflected on the button element
‚úó core-components/src/components/button/__test__/button.pw.spec.ts: `formnovalidate` attribute propagates to the internal control and can be toggled ‚ÄĒ Failed to create test case for: `formnovalidate` attribute propagates to the internal control and can be toggled
‚úó core-components/src/components/button/__test__/button.pw.spec.ts: `density="standard"` is reflected on the button element ‚ÄĒ Failed to create test case for: `density="standard"` is reflected on the button element
‚úó core-components/src/components/button/__test__/button.pw.spec.ts: `density="compact"` is reflected on the button element ‚ÄĒ Failed to create test case for: `density="compact"` is reflected on the button element
‚úó core-components/src/components/button/__test__/button.pw.spec.ts: Internal button gets `aria-describedby` ID when `a11y-aria-description` is set ‚ÄĒ Failed to create test case for: Internal button gets `aria-describedby` ID when `a11y-aria-description` is set
‚úó core-components/src/components/button/__test__/button.pw.spec.ts: Internal button gets `role` when `a11y-role` attribute is set ‚ÄĒ Failed to create test case for: Internal button gets `role` when `a11y-role` attribute is set
‚úó core-components/src/components/button/__test__/button.pw.spec.ts: Inline appearance and `density="inherit"` cause the button to inherit parent font styles ‚ÄĒ Failed to create test case for: Inline appearance and `density="inherit"` cause the button to inherit parent font styles
‚úó core-components/src/components/button/__test__/button.pw.spec.ts: Button click propagates as a document-level click event ‚ÄĒ Failed to create test case for: Button click propagates as a document-level click event
‚úó core-components/src/components/button/__test__/button.pw.spec.ts: Button fires `mouseenter` and `mouseleave` events on hover and unhover ‚ÄĒ Failed to create test case for: Button fires `mouseenter` and `mouseleave` events on hover and unhover
‚úó core-components/src/components/button/__test__/button.pw.spec.ts: Focus moves between buttons using Tab and Shift+Tab keyboard navigation ‚ÄĒ Failed to create test case for: Focus moves between buttons using Tab and Shift+Tab keyboard navigation
‚úó core-components/src/components/button/__test__/button.pw.spec.ts: Button activates via Enter and Space key presses when focused ‚ÄĒ Failed to create test case for: Button activates via Enter and Space key presses when focused
‚úó core-components/src/components/button/__test__/button.pw.spec.ts: Submit button triggers the form's `submit` event on click ‚ÄĒ Failed to create test case for: Submit button triggers the form's `submit` event on click
‚úó core-components/src/components/button/__test__/button.pw.spec.ts: Reset button restores form fields to their initial values on click ‚ÄĒ Failed to create test case for: Reset button restores form fields to their initial values on click
‚úó core-components/src/components/button/__test__/button.pw.spec.ts: Submit button triggers form validation; reports invalid when required field is empty ‚ÄĒ Failed to create test case for: Submit button triggers form validation; reports invalid when required field is empty
‚úó core-components/src/components/button/__test__/button.pw.spec.ts: Multi-step form progresses through steps and submits on final action ‚ÄĒ Failed to create test case for: Multi-step form progresses through steps and submits on final action
‚úó core-components/src/components/button/__test__/button.pw.spec.ts: `aria-pressed` and `aria-expanded` toggle on each click via a listener ‚ÄĒ Failed to create test case for: `aria-pressed` and `aria-expanded` toggle on each click via a listener
‚úó core-components/src/components/button/__test__/button.pw.spec.ts: Button with `aria-describedby` and `aria-labelledby` is accessible to screen readers ‚ÄĒ Failed to create test case for: Button with `aria-describedby` and `aria-labelledby` is accessible to screen readers
‚úó core-components/src/components/button/__test__/button.pw.spec.ts: Secondary button enables a disabled primary button; primary button then completes an action ‚ÄĒ Failed to create test case for: Secondary button enables a disabled primary button; primary button then completes an action
‚úó core-components/src/components/button/__test__/button.pw.spec.ts: Draggable button can be dragged and dropped onto a drop zone ‚ÄĒ Failed to create test case for: Draggable button can be dragged and dropped onto a drop zone
‚úó core-components/src/components/button/__test__/button.pw.spec.ts: `aria-controls` is set on the internal control via `a11y-aria-controls` ‚ÄĒ Failed to create test case for: `aria-controls` is set on the internal control via `a11y-aria-controls`
‚úó core-components/src/components/button/__test__/button.pw.spec.ts: `aria-haspopup` is set on the internal control via `a11y-aria-haspopup` ‚ÄĒ Failed to create test case for: `aria-haspopup` is set on the internal control via `a11y-aria-haspopup`
‚úó core-components/src/components/button/__test__/button.pw.spec.ts: `aria-expanded` on the internal control can be toggled via `a11y-aria-expanded` ‚ÄĒ Failed to create test case for: `aria-expanded` on the internal control can be toggled via `a11y-aria-expanded`
‚úó core-components/src/components/button/__test__/button.pw.spec.ts: `aria-pressed` state can be toggled on a toggle button ‚ÄĒ Failed to create test case for: `aria-pressed` state can be toggled on a toggle button
‚úó core-components/src/components/button/__test__/button.pw.spec.ts: `aria-selected` and `role` attributes are reflected for selectable buttons ‚ÄĒ Failed to create test case for: `aria-selected` and `role` attributes are reflected for selectable buttons
‚úó core-components/src/components/button/__test__/button.pw.spec.ts: Custom `aria-label` is set on the internal control via `a11y-aria-label` ‚ÄĒ Failed to create test case for: Custom `aria-label` is set on the internal control via `a11y-aria-label`
‚úó core-components/src/components/button/__test__/button.pw.spec.ts: Progress bar ARIA attributes are set on the internal control ‚ÄĒ Failed to create test case for: Progress bar ARIA attributes are set on the internal control
‚úó core-components/src/components/button/__test__/button.pw.spec.ts: `aria-valuetext` is set on the internal control via `a11y-aria-valuetext` ‚ÄĒ Failed to create test case for: `aria-valuetext` is set on the internal control via `a11y-aria-valuetext`
‚úó core-components/src/components/button/__test__/button.pw.spec.ts: `aria-orientation` on the internal control can be set and changed ‚ÄĒ Failed to create test case for: `aria-orientation` on the internal control can be set and changed
‚úó core-components/src/components/button/__test__/button.pw.spec.ts: `aria-roledescription` is set on the internal control via `a11y-aria-roledescription` ‚ÄĒ Failed to create test case for: `aria-roledescription` is set on the internal control via `a11y-aria-roledescription`
‚úó core-components/src/components/button/__test__/button.pw.spec.ts: Disabled button has both `disabled` and `aria-disabled` attributes and cannot receive focus ‚ÄĒ Failed to create test case for: Disabled button has both `disabled` and `aria-disabled` attributes and cannot receive focus
‚úó core-components/src/components/button/__test__/button.pw.spec.ts: `aria-describedby` referencing multiple IDs is correctly reflected ‚ÄĒ Failed to create test case for: `aria-describedby` referencing multiple IDs is correctly reflected
‚úó core-components/src/components/button/__test__/button.pw.spec.ts: `aria-hidden` is reflected for decorative buttons ‚ÄĒ Failed to create test case for: `aria-hidden` is reflected for decorative buttons
‚úó core-components/src/components/button/__test__/button.pw.spec.ts: `aria-keyshortcuts` is reflected and the shortcut triggers a keydown handler ‚ÄĒ Failed to create test case for: `aria-keyshortcuts` is reflected and the shortcut triggers a keydown handler
‚úó core-components/src/components/button/__test__/button.pw.spec.ts: Clicking the button updates a live region with an announcement ‚ÄĒ Failed to create test case for: Clicking the button updates a live region with an announcement
‚úó core-components/src/components/button/__test__/button.pw.spec.ts: Focus moves through buttons in a group using Tab key ‚ÄĒ Failed to create test case for: Focus moves through buttons in a group using Tab key
‚úó core-components/src/components/button/__test__/button.pw.spec.ts: Primary button has non-empty computed background colour and text colour ‚ÄĒ Failed to create test case for: Primary button has non-empty computed background colour and text colour
‚úó core-components/src/components/button/__test__/button.pw.spec.ts: Clicking a toggle button updates `aria-pressed` and appends an assertive live region ‚ÄĒ Failed to create test case for: Clicking a toggle button updates `aria-pressed` and appends an assertive live region
‚úó core-components/src/components/button/__test__/button.pw.spec.ts: Button references a tooltip via `aria-describedby` ‚ÄĒ Failed to create test case for: Button references a tooltip via `aria-describedby`
‚úó core-components/src/components/button/__test__/button.pw.spec.ts: Submit button reflects validation state with `aria-invalid` and reveals error message ‚ÄĒ Failed to create test case for: Submit button reflects validation state with `aria-invalid` and reveals error message
‚úó core-components/src/components/button/__test__/button.pw.spec.ts: `aria-flowto` references a following section and that section can receive focus after a click ‚ÄĒ Failed to create test case for: `aria-flowto` references a following section and that section can receive focus after a click
‚úó core-components/src/components/button/__test__/button.pw.spec.ts: Multiple accessibility attributes are all set simultaneously and update together on interaction ‚ÄĒ Failed to create test case for: Multiple accessibility attributes are all set simultaneously and update together on interaction