 .csv git:(main) ✗ ado-sync push --dry-run
ado-sync push
Config:  /Users/nagapavankumar.mudigonda/Documents/code/azure-test-sync/.csv/ado-sync.yaml
Project: Azure-DevOps-Training
Plan:    32927
Dry run — no changes will be made

  [warn] Failed to parse /System/Volumes/Data/Users/nagapavankumar.mudigonda/Library/CloudStorage/OneDrive-ThomsonReutersIncorporated/Downloads/Refactored_Py_DS_ML_Bootcamp-master/04-Pandas-Exercises/Salaries.csv: ETIMEDOUT: connection timed out, read
  [warn] Failed to parse /System/Volumes/Data/Users/nagapavankumar.mudigonda/Library/CloudStorage/OneDrive-ThomsonReutersIncorporated/Downloads/Refactored_Py_DS_ML_Bootcamp-master/10-Data-Capstone-Projects/911.csv: ETIMEDOUT: connection timed out, read
  [warn] Failed to parse /System/Volumes/Data/Users/nagapavankumar.mudigonda/Library/CloudStorage/OneDrive-ThomsonReutersIncorporated/Downloads/Refactored_Py_DS_ML_Bootcamp-master/11-Linear-Regression/USA_Housing.csv: ETIMEDOUT: connection timed out, read
  [warn] Failed to parse /System/Volumes/Data/Users/nagapavankumar.mudigonda/Library/CloudStorage/OneDrive-ThomsonReutersIncorporated/Downloads/Refactored_Py_DS_ML_Bootcamp-master/13-Logistic-Regression/advertising.csv: ETIMEDOUT: connection timed out, read
  [warn] Failed to parse /System/Volumes/Data/Users/nagapavankumar.mudigonda/Library/CloudStorage/OneDrive-ThomsonReutersIncorporated/Downloads/Refactored_Py_DS_ML_Bootcamp-master/13-Logistic-Regression/titanic_test.csv: ETIMEDOUT: connection timed out, read
  [warn] Failed to parse /System/Volumes/Data/Users/nagapavankumar.mudigonda/Library/CloudStorage/OneDrive-ThomsonReutersIncorporated/Downloads/Refactored_Py_DS_ML_Bootcamp-master/13-Logistic-Regression/titanic_train.csv: ETIMEDOUT: connection timed out, read
  [warn] Failed to parse /System/Volumes/Data/Users/nagapavankumar.mudigonda/Library/CloudStorage/OneDrive-ThomsonReutersIncorporated/Downloads/Refactored_Py_DS_ML_Bootcamp-master/15-Decision-Trees-and-Random-Forests/kyphosis.csv: ETIMEDOUT: connection timed out, read
  [warn] Failed to parse /System/Volumes/Data/Users/nagapavankumar.mudigonda/Library/CloudStorage/OneDrive-ThomsonReutersIncorporated/Downloads/Refactored_Py_DS_ML_Bootcamp-master/15-Decision-Trees-and-Random-Forests/loan_data.csv: ETIMEDOUT: connection timed out, read
  [warn] Failed to parse /System/Volumes/Data/Users/nagapavankumar.mudigonda/Library/CloudStorage/OneDrive-ThomsonReutersIncorporated/Downloads/Refactored_Py_DS_ML_Bootcamp-master/20-Natural-Language-Processing/yelp.csv: ETIMEDOUT: connection timed out, read
  [warn] Failed to parse /System/Volumes/Data/Users/nagapavankumar.mudigonda/Library/CloudStorage/OneDrive-ThomsonReutersIncorporated/Downloads/Refactored_Py_DS_ML_Bootcamp-master/22-Deep Learning/bank_note_data.csv: ETIMEDOUT: connection timed out, read
  [warn] Failed to parse /System/Volumes/Data/Users/nagapavankumar.mudigonda/Library/CloudStorage/OneDrive-ThomsonReutersIncorporated/Downloads/Refactored_Py_DS_ML_Bootcamp-master/22-Deep Learning/iris.csv: ETIMEDOUT: connection timed out, read
  [warn] Failed to parse /System/Volumes/Data/Users/nagapavankumar.mudigonda/Library/CloudStorage/OneDrive-ThomsonReutersIncorporated/Downloads/abalone.csv: ETIMEDOUT: connection timed out, read
  [warn] Failed to parse /System/Volumes/Data/Users/nagapavankumar.mudigonda/Library/CloudStorage/OneDrive-ThomsonReutersIncorporated/Downloads/container-view-sample-with-id.csv: ETIMEDOUT: connection timed out, read
  [warn] Failed to parse /System/Volumes/Data/Users/nagapavankumar.mudigonda/Library/CloudStorage/OneDrive-ThomsonReutersIncorporated/Downloads/examples/dummy1-dummy2.csv: ETIMEDOUT: connection timed out, read
  [warn] Failed to parse /System/Volumes/Data/Users/nagapavankumar.mudigonda/Library/CloudStorage/OneDrive-ThomsonReutersIncorporated/Downloads/examples/dummy1.csv: ETIMEDOUT: connection timed out, read
  [warn] Failed to parse /System/Volumes/Data/Users/nagapavankumar.mudigonda/Library/CloudStorage/OneDrive-ThomsonReutersIncorporated/Downloads/examples/dummy2.csv: ETIMEDOUT: connection timed out, read
  [warn] Failed to parse /System/Volumes/Data/Users/nagapavankumar.mudigonda/Library/CloudStorage/OneDrive-ThomsonReutersIncorporated/Downloads/exportGroup_2024-3-29.csv: ETIMEDOUT: connection timed out, read
  [warn] Failed to parse /System/Volumes/Data/Users/nagapavankumar.mudigonda/Library/CloudStorage/OneDrive-ThomsonReutersIncorporated/Downloads/log-events-viewer-result(1).csv: ETIMEDOUT: connection timed out, read
  [warn] Failed to parse /System/Volumes/Data/Users/nagapavankumar.mudigonda/Library/CloudStorage/OneDrive-ThomsonReutersIncorporated/Downloads/log-events-viewer-result.csv: ETIMEDOUT: connection timed out, read
  [warn] Failed to parse /System/Volumes/Data/Users/nagapavankumar.mudigonda/Library/CloudStorage/OneDrive-ThomsonReutersIncorporated/Microsoft Teams Chat Files/18129-mfa-passed-out-of-24400.csv: ETIMEDOUT: connection timed out, read
  [warn] Failed to parse /System/Volumes/Data/Users/nagapavankumar.mudigonda/Library/CloudStorage/OneDrive-ThomsonReutersIncorporated/Microsoft Teams Chat Files/5k-citrix-mfa.csv: ETIMEDOUT: connection timed out, read
  [warn] Failed to parse /System/Volumes/Data/Users/nagapavankumar.mudigonda/Library/CloudStorage/OneDrive-ThomsonReutersIncorporated/Microsoft Teams Chat Files/666999.csv: ETIMEDOUT: connection timed out, read
  [warn] Failed to parse /System/Volumes/Data/Users/nagapavankumar.mudigonda/Library/CloudStorage/OneDrive-ThomsonReutersIncorporated/Microsoft Teams Chat Files/CRM Quality - Features.csv: ETIMEDOUT: connection timed out, read
  [warn] Failed to parse /System/Volumes/Data/Users/nagapavankumar.mudigonda/Library/CloudStorage/OneDrive-ThomsonReutersIncorporated/Microsoft Teams Chat Files/CRM Quality - Stories.csv: ETIMEDOUT: connection timed out, read
  [warn] Failed to parse /System/Volumes/Data/Users/nagapavankumar.mudigonda/Library/CloudStorage/OneDrive-ThomsonReutersIncorporated/Microsoft Teams Chat Files/LoginData.csv: ETIMEDOUT: connection timed out, read
  [warn] Failed to parse /System/Volumes/Data/Users/nagapavankumar.mudigonda/Library/CloudStorage/OneDrive-ThomsonReutersIncorporated/Microsoft Teams Chat Files/MasterMFA.csv: ETIMEDOUT: connection timed out, read
  [warn] Failed to parse /System/Volumes/Data/Users/nagapavankumar.mudigonda/Library/CloudStorage/OneDrive-ThomsonReutersIncorporated/Microsoft Teams Chat Files/Netfirm-08-citrixIcoFileDownload_userName.csv: ETIMEDOUT: connection timed out, read
  [warn] Failed to parse /System/Volumes/Data/Users/nagapavankumar.mudigonda/Library/CloudStorage/OneDrive-ThomsonReutersIncorporated/Microsoft Teams Chat Files/SessionId_PortalConnect_API_PeakTest.csv: ETIMEDOUT: connection timed out, read
  [warn] Failed to parse /System/Volumes/Data/Users/nagapavankumar.mudigonda/Library/CloudStorage/OneDrive-ThomsonReutersIncorporated/Microsoft Teams Chat Files/TestPlanDemo1_178 _ Work Item adding from Backlog List page.csv: ETIMEDOUT: connection timed out, read
  [warn] Failed to parse /System/Volumes/Data/Users/nagapavankumar.mudigonda/Library/CloudStorage/OneDrive-ThomsonReutersIncorporated/Microsoft Teams Chat Files/a206296-AXE_WORKFLOWS_DETAILS-2025-9-24_LATAM.csv: ETIMEDOUT: connection timed out, read
  [warn] Failed to parse /System/Volumes/Data/Users/nagapavankumar.mudigonda/Library/CloudStorage/OneDrive-ThomsonReutersIncorporated/Microsoft Teams Chat Files/all_managers.csv: ETIMEDOUT: connection timed out, read
  [warn] Failed to parse /System/Volumes/Data/Users/nagapavankumar.mudigonda/Library/CloudStorage/OneDrive-ThomsonReutersIncorporated/Microsoft Teams Chat Files/assets.csv: ETIMEDOUT: connection timed out, read
  [warn] Failed to parse /System/Volumes/Data/Users/nagapavankumar.mudigonda/Library/CloudStorage/OneDrive-ThomsonReutersIncorporated/Microsoft Teams Chat Files/axe_workflows_data-all.csv: ETIMEDOUT: connection timed out, read
  [warn] Failed to parse /System/Volumes/Data/Users/nagapavankumar.mudigonda/Library/CloudStorage/OneDrive-ThomsonReutersIncorporated/Microsoft Teams Chat Files/cari_routing_token.csv: ETIMEDOUT: connection timed out, read
  [warn] Failed to parse /System/Volumes/Data/Users/nagapavankumar.mudigonda/Library/CloudStorage/OneDrive-ThomsonReutersIncorporated/Microsoft Teams Chat Files/citrix-qa_automai.csv: ETIMEDOUT: connection timed out, read
  [warn] Failed to parse /System/Volumes/Data/Users/nagapavankumar.mudigonda/Library/CloudStorage/OneDrive-ThomsonReutersIncorporated/Microsoft Teams Chat Files/citrix-qa_automai_new.csv: ETIMEDOUT: connection timed out, read
  [warn] Failed to parse /System/Volumes/Data/Users/nagapavankumar.mudigonda/Library/CloudStorage/OneDrive-ThomsonReutersIncorporated/Microsoft Teams Chat Files/data.csv: ETIMEDOUT: connection timed out, read
  [warn] Failed to parse /System/Volumes/Data/Users/nagapavankumar.mudigonda/Library/CloudStorage/OneDrive-ThomsonReutersIncorporated/Microsoft Teams Chat Files/datadog.csv: ETIMEDOUT: connection timed out, read
  [warn] Failed to parse /System/Volumes/Data/Users/nagapavankumar.mudigonda/Library/CloudStorage/OneDrive-ThomsonReutersIncorporated/Microsoft Teams Chat Files/export_a206296-AXE_WORKFLOWS_DETAILS_20251112_202000.csv: ETIMEDOUT: connection timed out, read
  [warn] Failed to parse /System/Volumes/Data/Users/nagapavankumar.mudigonda/Library/CloudStorage/OneDrive-ThomsonReutersIncorporated/Microsoft Teams Chat Files/failure_logs.csv: ETIMEDOUT: connection timed out, read
  [warn] Failed to parse /System/Volumes/Data/Users/nagapavankumar.mudigonda/Library/CloudStorage/OneDrive-ThomsonReutersIncorporated/Microsoft Teams Chat Files/firms.csv: ETIMEDOUT: connection timed out, read
  [warn] Failed to parse /System/Volumes/Data/Users/nagapavankumar.mudigonda/Library/CloudStorage/OneDrive-ThomsonReutersIncorporated/Microsoft Teams Chat Files/jmeter-mfa.csv: ETIMEDOUT: connection timed out, read
  [warn] Failed to parse /System/Volumes/Data/Users/nagapavankumar.mudigonda/Library/CloudStorage/OneDrive-ThomsonReutersIncorporated/Microsoft Teams Chat Files/local-report.csv: ETIMEDOUT: connection timed out, read
  [warn] Failed to parse /System/Volumes/Data/Users/nagapavankumar.mudigonda/Library/CloudStorage/OneDrive-ThomsonReutersIncorporated/Microsoft Teams Chat Files/log.csv: ETIMEDOUT: connection timed out, read
  [warn] Failed to parse /System/Volumes/Data/Users/nagapavankumar.mudigonda/Library/CloudStorage/OneDrive-ThomsonReutersIncorporated/Microsoft Teams Chat Files/manager.csv: ETIMEDOUT: connection timed out, read
  [warn] Failed to parse /System/Volumes/Data/Users/nagapavankumar.mudigonda/Library/CloudStorage/OneDrive-ThomsonReutersIncorporated/Microsoft Teams Chat Files/mfa 1.csv: ETIMEDOUT: connection timed out, read
  [warn] Failed to parse /System/Volumes/Data/Users/nagapavankumar.mudigonda/Library/CloudStorage/OneDrive-ThomsonReutersIncorporated/Microsoft Teams Chat Files/mfa 2.csv: ETIMEDOUT: connection timed out, read
  [warn] Failed to parse /System/Volumes/Data/Users/nagapavankumar.mudigonda/Library/CloudStorage/OneDrive-ThomsonReutersIncorporated/Microsoft Teams Chat Files/mfa 3.csv: ETIMEDOUT: connection timed out, read
  [warn] Failed to parse /System/Volumes/Data/Users/nagapavankumar.mudigonda/Library/CloudStorage/OneDrive-ThomsonReutersIncorporated/Microsoft Teams Chat Files/mfa 4.csv: ETIMEDOUT: connection timed out, read
  [warn] Failed to parse /System/Volumes/Data/Users/nagapavankumar.mudigonda/Library/CloudStorage/OneDrive-ThomsonReutersIncorporated/Microsoft Teams Chat Files/mfa-21Nov.csv: ETIMEDOUT: connection timed out, read
  [warn] Failed to parse /System/Volumes/Data/Users/nagapavankumar.mudigonda/Library/CloudStorage/OneDrive-ThomsonReutersIncorporated/Microsoft Teams Chat Files/mfa.csv: ETIMEDOUT: connection timed out, read
  [warn] Failed to parse /System/Volumes/Data/Users/nagapavankumar.mudigonda/Library/CloudStorage/OneDrive-ThomsonReutersIncorporated/Microsoft Teams Chat Files/mfa_citrix_file.csv: ETIMEDOUT: connection timed out, read
  [warn] Failed to parse /System/Volumes/Data/Users/nagapavankumar.mudigonda/Library/CloudStorage/OneDrive-ThomsonReutersIncorporated/Microsoft Teams Chat Files/missed-mfa.csv: ETIMEDOUT: connection timed out, read
  [warn] Failed to parse /System/Volumes/Data/Users/nagapavankumar.mudigonda/Library/CloudStorage/OneDrive-ThomsonReutersIncorporated/Microsoft Teams Chat Files/missed_usernames.csv: ETIMEDOUT: connection timed out, read
  [warn] Failed to parse /System/Volumes/Data/Users/nagapavankumar.mudigonda/Library/CloudStorage/OneDrive-ThomsonReutersIncorporated/Microsoft Teams Chat Files/missing_usernames.csv: ETIMEDOUT: connection timed out, read
  [warn] Failed to parse /System/Volumes/Data/Users/nagapavankumar.mudigonda/Library/CloudStorage/OneDrive-ThomsonReutersIncorporated/Microsoft Teams Chat Files/new 1.csv: ETIMEDOUT: connection timed out, read
  [warn] Failed to parse /System/Volumes/Data/Users/nagapavankumar.mudigonda/Library/CloudStorage/OneDrive-ThomsonReutersIncorporated/Microsoft Teams Chat Files/new 2.csv: ETIMEDOUT: connection timed out, read
  [warn] Failed to parse /System/Volumes/Data/Users/nagapavankumar.mudigonda/Library/CloudStorage/OneDrive-ThomsonReutersIncorporated/Microsoft Teams Chat Files/new-citrix-data-set.csv: ETIMEDOUT: connection timed out, read
  [warn] Failed to parse /System/Volumes/Data/Users/nagapavankumar.mudigonda/Library/CloudStorage/OneDrive-ThomsonReutersIncorporated/Microsoft Teams Chat Files/new.csv: ETIMEDOUT: connection timed out, read
  [warn] Failed to parse /System/Volumes/Data/Users/nagapavankumar.mudigonda/Library/CloudStorage/OneDrive-ThomsonReutersIncorporated/Microsoft Teams Chat Files/nf666_AdminAccts_300.csv: ETIMEDOUT: connection timed out, read
  [warn] Failed to parse /System/Volumes/Data/Users/nagapavankumar.mudigonda/Library/CloudStorage/OneDrive-ThomsonReutersIncorporated/Microsoft Teams Chat Files/no-mfa_secretKey_Users.csv: ETIMEDOUT: connection timed out, read
  [warn] Failed to parse /System/Volumes/Data/Users/nagapavankumar.mudigonda/Library/CloudStorage/OneDrive-ThomsonReutersIncorporated/Microsoft Teams Chat Files/remaining.csv: ETIMEDOUT: connection timed out, read
  [warn] Failed to parse /System/Volumes/Data/Users/nagapavankumar.mudigonda/Library/CloudStorage/OneDrive-ThomsonReutersIncorporated/Microsoft Teams Chat Files/sorted_missing_usernames.csv: ETIMEDOUT: connection timed out, read
  [warn] Failed to parse /System/Volumes/Data/Users/nagapavankumar.mudigonda/Library/CloudStorage/OneDrive-ThomsonReutersIncorporated/Microsoft Teams Chat Files/test_data 1.csv: ETIMEDOUT: connection timed out, read
  [warn] Failed to parse /System/Volumes/Data/Users/nagapavankumar.mudigonda/Library/CloudStorage/OneDrive-ThomsonReutersIncorporated/Microsoft Teams Chat Files/test_data.csv: ETIMEDOUT: connection timed out, read
  [warn] Failed to parse /System/Volumes/Data/Users/nagapavankumar.mudigonda/Library/CloudStorage/OneDrive-ThomsonReutersIncorporated/Microsoft Teams Chat Files/trend.csv: ETIMEDOUT: connection timed out, read
  [warn] Failed to parse /System/Volumes/Data/Users/nagapavankumar.mudigonda/Library/CloudStorage/OneDrive-ThomsonReutersIncorporated/Microsoft Teams Chat Files/usage-reports-user-reports-live-1752684402175.csv: ETIMEDOUT: connection timed out, read
  [warn] Failed to parse /System/Volumes/Data/Users/nagapavankumar.mudigonda/Library/CloudStorage/OneDrive-ThomsonReutersIncorporated/Microsoft Teams Chat Files/userNamePassword.csv: ETIMEDOUT: connection timed out, read
  [warn] Failed to parse /System/Volumes/Data/Users/nagapavankumar.mudigonda/Library/CloudStorage/OneDrive-ThomsonReutersIncorporated/Microsoft Teams Chat Files/userNamePassword1.csv: ETIMEDOUT: connection timed out, read
  [warn] Failed to parse /System/Volumes/Data/Users/nagapavankumar.mudigonda/Library/CloudStorage/OneDrive-ThomsonReutersIncorporated/Microsoft Teams Chat Files/users 1.csv: ETIMEDOUT: connection timed out, read
  [warn] Failed to parse /System/Volumes/Data/Users/nagapavankumar.mudigonda/Library/CloudStorage/OneDrive-ThomsonReutersIncorporated/Microsoft Teams Chat Files/users.csv: ETIMEDOUT: connection timed out, read
  [warn] Failed to parse /System/Volumes/Data/Users/nagapavankumar.mudigonda/Library/CloudStorage/OneDrive-ThomsonReutersIncorporated/ciam-bulk/Dec27-2023/users.csv: ETIMEDOUT: connection timed out, read
  [warn] Failed to parse /System/Volumes/Data/Users/nagapavankumar.mudigonda/Library/CloudStorage/OneDrive-ThomsonReutersIncorporated/ciam-bulk/edgar/Code/tmp-ed-Code/testdata/CSV-To-JSON-Test.csv: ETIMEDOUT: connection timed out, read
  [warn] Failed to parse /System/Volumes/Data/Users/nagapavankumar.mudigonda/Library/CloudStorage/OneDrive-ThomsonReutersIncorporated/ciam-bulk/edgar/Code/tmp-ed-Code/testdata/csv/NF666_147Admins-8.csv: ETIMEDOUT: connection timed out, read
  [warn] Failed to parse /System/Volumes/Data/Users/nagapavankumar.mudigonda/Library/CloudStorage/OneDrive-ThomsonReutersIncorporated/ciam-bulk/edgar/Code/tmp-ed-Code/testdata/csv/NF666_147Admins.csv: ETIMEDOUT: connection timed out, read
  [warn] Failed to parse /System/Volumes/Data/Users/nagapavankumar.mudigonda/Library/CloudStorage/OneDrive-ThomsonReutersIncorporated/ciam-bulk/edgar/Code/tmp-ed-Code/testdata/csv/NF666_Admin_Acct-119-AVD.csv: ETIMEDOUT: connection timed out, read
  [warn] Failed to parse /System/Volumes/Data/Users/nagapavankumar.mudigonda/Library/CloudStorage/OneDrive-ThomsonReutersIncorporated/ciam-bulk/edgar/Code/tmp-ed-Code/testdata/csv/NF666_Admin_Acct-122-CTX.csv: ETIMEDOUT: connection timed out, read
  [warn] Failed to parse /System/Volumes/Data/Users/nagapavankumar.mudigonda/Library/CloudStorage/OneDrive-ThomsonReutersIncorporated/ciam-bulk/edgar/Code/tmp-ed-Code/testdata/csv/NF666_Admin_Acct-150-CTX.csv: ETIMEDOUT: connection timed out, read
  [warn] Failed to parse /System/Volumes/Data/Users/nagapavankumar.mudigonda/Library/CloudStorage/OneDrive-ThomsonReutersIncorporated/ciam-bulk/edgar/Code/tmp-ed-Code/testdata/csv/NF666_TwoAdmins-10-11.csv: ETIMEDOUT: connection timed out, read
  [warn] Failed to parse /System/Volumes/Data/Users/nagapavankumar.mudigonda/Library/CloudStorage/OneDrive-ThomsonReutersIncorporated/ciam-bulk/edgar/Code/tmp-ed-Code/testdata/csv/NF666_failStaff-02.csv: ETIMEDOUT: connection timed out, read
  [warn] Failed to parse /System/Volumes/Data/Users/nagapavankumar.mudigonda/Library/CloudStorage/OneDrive-ThomsonReutersIncorporated/ciam-bulk/edgar/Code/tmp-ed-Code/testdata/csv/NF666_failStaff-03.csv: ETIMEDOUT: connection timed out, read
  [warn] Failed to parse /System/Volumes/Data/Users/nagapavankumar.mudigonda/Library/CloudStorage/OneDrive-ThomsonReutersIncorporated/ciam-bulk/edgar/Code/tmp-ed-Code/testdata/csv/NF666_failStaff.csv: ETIMEDOUT: connection timed out, read
  [warn] Failed to parse /System/Volumes/Data/Users/nagapavankumar.mudigonda/Library/CloudStorage/OneDrive-ThomsonReutersIncorporated/ciam-bulk/edgar/Code/tmp-ed-Code/testdata/csv/testdata-LoginMFA-validation.csv: ETIMEDOUT: connection timed out, read
  [warn] Failed to parse /System/Volumes/Data/Users/nagapavankumar.mudigonda/Library/CloudStorage/OneDrive-ThomsonReutersIncorporated/ciam-bulk/edgar/Code/tmp-ed-Code/testdata/csv/testdata_NF666-10.csv: ETIMEDOUT: connection timed out, read
  [warn] Failed to parse /System/Volumes/Data/Users/nagapavankumar.mudigonda/Library/CloudStorage/OneDrive-ThomsonReutersIncorporated/ciam-bulk/edgar/Code/tmp-ed-Code/testdata/csv/testdata_NF666-Admins.csv: ETIMEDOUT: connection timed out, read
  [warn] Failed to parse /System/Volumes/Data/Users/nagapavankumar.mudigonda/Library/CloudStorage/OneDrive-ThomsonReutersIncorporated/ciam-bulk/edgar/Code/tmp-ed-Code/testdata/csv/testdata_NF666_24k-CIAM-MFA-Validation-10.csv: ETIMEDOUT: connection timed out, read
  [warn] Failed to parse /System/Volumes/Data/Users/nagapavankumar.mudigonda/Library/CloudStorage/OneDrive-ThomsonReutersIncorporated/ciam-bulk/edgar/Code/tmp-ed-Code/testdata/testdata_30kAccounts_a.csv: ETIMEDOUT: connection timed out, read
  [warn] Failed to parse /System/Volumes/Data/Users/nagapavankumar.mudigonda/Library/CloudStorage/OneDrive-ThomsonReutersIncorporated/ciam-bulk/edgar/Code/tmp-ed-Code/testdata/testdata_30kAccounts_b.csv: ETIMEDOUT: connection timed out, read
  [warn] Failed to parse /System/Volumes/Data/Users/nagapavankumar.mudigonda/Library/CloudStorage/OneDrive-ThomsonReutersIncorporated/ciam-bulk/edgar/Code/tmp-ed-Code/testdata/testdata_30kAccounts_c.csv: ETIMEDOUT: connection timed out, read
  [warn] Failed to parse /System/Volumes/Data/Users/nagapavankumar.mudigonda/Library/CloudStorage/OneDrive-ThomsonReutersIncorporated/ciam-bulk/edgar/Code/tmp-ed-Code/testdata/testdata_StaffFirms.csv: ETIMEDOUT: connection timed out, read
  [warn] Failed to parse /System/Volumes/Data/Users/nagapavankumar.mudigonda/Library/CloudStorage/OneDrive-ThomsonReutersIncorporated/ciam-bulk/edgar/Code/tmp-ed-Code/testdata/tstdt_NF666_CIAM-MFA-01.csv: ETIMEDOUT: connection timed out, read
  [warn] Failed to parse /System/Volumes/Data/Users/nagapavankumar.mudigonda/Library/CloudStorage/OneDrive-ThomsonReutersIncorporated/ciam-bulk/edgar/Code/tmp-ed-Code/testdata/tstdt_NF666_CIAM-MFA-02-10.csv: ETIMEDOUT: connection timed out, read
  [warn] Failed to parse /System/Volumes/Data/Users/nagapavankumar.mudigonda/Library/CloudStorage/OneDrive-ThomsonReutersIncorporated/ciam-bulk/edgar/Code/tmp-ed-Code/testdata/tstdt_NF666_CIAM-MFA-02.csv: ETIMEDOUT: connection timed out, read
  [warn] Failed to parse /System/Volumes/Data/Users/nagapavankumar.mudigonda/Library/CloudStorage/OneDrive-ThomsonReutersIncorporated/ciam-bulk/edgar/Code/tmp-ed-Code/testdata/tstdt_NF666_CIAM-MFA-03.csv: ETIMEDOUT: connection timed out, read
  [warn] Failed to parse /System/Volumes/Data/Users/nagapavankumar.mudigonda/Library/CloudStorage/OneDrive-ThomsonReutersIncorporated/ciam-bulk/edgar/Code/tmp-ed-Code/testdata/tstdt_NF666_CIAM-MFA-04.csv: ETIMEDOUT: connection timed out, read
  [warn] Failed to parse /System/Volumes/Data/Users/nagapavankumar.mudigonda/Library/CloudStorage/OneDrive-ThomsonReutersIncorporated/ciam-bulk/edgar/Code/tmp-ed-Code/testdata/tstdt_NF666_CIAM-MFA-05.csv: ETIMEDOUT: connection timed out, read
  [warn] Failed to parse /System/Volumes/Data/Users/nagapavankumar.mudigonda/Library/CloudStorage/OneDrive-ThomsonReutersIncorporated/ciam-bulk/edgar/Code/tmp-ed-Code/testdata/tstdt_NF666_CIAM-MFA-06.csv: ETIMEDOUT: connection timed out, read
  [warn] Failed to parse /System/Volumes/Data/Users/nagapavankumar.mudigonda/Library/CloudStorage/OneDrive-ThomsonReutersIncorporated/ciam-bulk/edgar/Data/66AVD-StaffUsers.csv: ETIMEDOUT: connection timed out, read
  [warn] Failed to parse /System/Volumes/Data/Users/nagapavankumar.mudigonda/Library/CloudStorage/OneDrive-ThomsonReutersIncorporated/ciam-bulk/edgar/Data/66CTX-StaffUsers.csv: ETIMEDOUT: connection timed out, read
  [warn] Failed to parse /System/Volumes/Data/Users/nagapavankumar.mudigonda/Library/CloudStorage/OneDrive-ThomsonReutersIncorporated/ciam-bulk/edgar/Data/798AVD-Staff-Users.csv: ETIMEDOUT: connection timed out, read
  [warn] Failed to parse /System/Volumes/Data/Users/nagapavankumar.mudigonda/Library/CloudStorage/OneDrive-ThomsonReutersIncorporated/ciam-bulk/edgar/Data/NetfirmAccountsForMFAFix(20231031-0900).csv: ETIMEDOUT: connection timed out, read
  [warn] Failed to parse /System/Volumes/Data/Users/nagapavankumar.mudigonda/Library/CloudStorage/OneDrive-ThomsonReutersIncorporated/ciam-bulk/edgar/Data/OLD/66AVD-StaffUsers-VM01.csv: ETIMEDOUT: connection timed out, read
  [warn] Failed to parse /System/Volumes/Data/Users/nagapavankumar.mudigonda/Library/CloudStorage/OneDrive-ThomsonReutersIncorporated/ciam-bulk/edgar/Data/OLD/66CTX-StaffUsers-VM02.csv: ETIMEDOUT: connection timed out, read
  [warn] Failed to parse /System/Volumes/Data/Users/nagapavankumar.mudigonda/Library/CloudStorage/OneDrive-ThomsonReutersIncorporated/ciam-bulk/edgar/Data/OLD/66CTX-StaffUsers-VM03.csv: ETIMEDOUT: connection timed out, read
  [warn] Failed to parse /System/Volumes/Data/Users/nagapavankumar.mudigonda/Library/CloudStorage/OneDrive-ThomsonReutersIncorporated/ciam-bulk/edgar/Data/OLD/66CTX-StaffUsers-VM04.csv: ETIMEDOUT: connection timed out, read
  [warn] Failed to parse /System/Volumes/Data/Users/nagapavankumar.mudigonda/Library/CloudStorage/OneDrive-ThomsonReutersIncorporated/ciam-bulk/edgar/Data/OLD/66CTX-StaffUsers-VM05.csv: ETIMEDOUT: connection timed out, read
  [warn] Failed to parse /System/Volumes/Data/Users/nagapavankumar.mudigonda/Library/CloudStorage/OneDrive-ThomsonReutersIncorporated/ciam-bulk/edgar/Data/OLD/66CTX-StaffUsers-VM06.csv: ETIMEDOUT: connection timed out, read
  [warn] Failed to parse /System/Volumes/Data/Users/nagapavankumar.mudigonda/Library/CloudStorage/OneDrive-ThomsonReutersIncorporated/ciam-bulk/edgar/Data/OLD/66CTX-StaffUsers-VM07.csv: ETIMEDOUT: connection timed out, read
  [warn] Failed to parse /System/Volumes/Data/Users/nagapavankumar.mudigonda/Library/CloudStorage/OneDrive-ThomsonReutersIncorporated/ciam-bulk/edgar/Data/OLD/66CTX-StaffUsers-VM08.csv: ETIMEDOUT: connection timed out, read
  [warn] Failed to parse /System/Volumes/Data/Users/nagapavankumar.mudigonda/Library/CloudStorage/OneDrive-ThomsonReutersIncorporated/ciam-bulk/edgar/Data/OLD/66CTX-StaffUsers-VM09.csv: ETIMEDOUT: connection timed out, read
  [warn] Failed to parse /System/Volumes/Data/Users/nagapavankumar.mudigonda/Library/CloudStorage/OneDrive-ThomsonReutersIncorporated/ciam-bulk/edgar/Data/OLD/66CTX-StaffUsers-VM10.csv: ETIMEDOUT: connection timed out, read
  [warn] Failed to parse /System/Volumes/Data/Users/nagapavankumar.mudigonda/Library/CloudStorage/OneDrive-ThomsonReutersIncorporated/ciam-bulk/edgar/Data/OLD/6testdata-AVD-VM05.csv: ETIMEDOUT: connection timed out, read
  [warn] Failed to parse /System/Volumes/Data/Users/nagapavankumar.mudigonda/Library/CloudStorage/OneDrive-ThomsonReutersIncorporated/ciam-bulk/edgar/Data/OLD/9testdata-AVD-VM08.csv: ETIMEDOUT: connection timed out, read
  [warn] Failed to parse /System/Volumes/Data/Users/nagapavankumar.mudigonda/Library/CloudStorage/OneDrive-ThomsonReutersIncorporated/ciam-bulk/edgar/Data/OLD/CIAM-Migration-Test.csv: ETIMEDOUT: connection timed out, read
  [warn] Failed to parse /System/Volumes/Data/Users/nagapavankumar.mudigonda/Library/CloudStorage/OneDrive-ThomsonReutersIncorporated/ciam-bulk/edgar/Data/OLD/LoginData_30kAccts.csv: ETIMEDOUT: connection timed out, read
  [warn] Failed to parse /System/Volumes/Data/Users/nagapavankumar.mudigonda/Library/CloudStorage/OneDrive-ThomsonReutersIncorporated/ciam-bulk/edgar/Data/OLD/NF666_Admin_Acct-119-AVD.csv: ETIMEDOUT: connection timed out, read
  [warn] Failed to parse /System/Volumes/Data/Users/nagapavankumar.mudigonda/Library/CloudStorage/OneDrive-ThomsonReutersIncorporated/ciam-bulk/edgar/Data/OLD/NF666_Admin_Acct-12-CTX-VM01.csv: ETIMEDOUT: connection timed out, read
  [warn] Failed to parse /System/Volumes/Data/Users/nagapavankumar.mudigonda/Library/CloudStorage/OneDrive-ThomsonReutersIncorporated/ciam-bulk/edgar/Data/OLD/NF666_Admin_Acct-12-CTX-VM02.csv: ETIMEDOUT: connection timed out, read
  [warn] Failed to parse /System/Volumes/Data/Users/nagapavankumar.mudigonda/Library/CloudStorage/OneDrive-ThomsonReutersIncorporated/ciam-bulk/edgar/Data/OLD/NF666_Admin_Acct-12-CTX-VM03.csv: ETIMEDOUT: connection timed out, read
  [warn] Failed to parse /System/Volumes/Data/Users/nagapavankumar.mudigonda/Library/CloudStorage/OneDrive-ThomsonReutersIncorporated/ciam-bulk/edgar/Data/OLD/NF666_Admin_Acct-12-CTX-VM04.csv: ETIMEDOUT: connection timed out, read
  [warn] Failed to parse /System/Volumes/Data/Users/nagapavankumar.mudigonda/Library/CloudStorage/OneDrive-ThomsonReutersIncorporated/ciam-bulk/edgar/Data/OLD/NF666_Admin_Acct-12-CTX-VM05.csv: ETIMEDOUT: connection timed out, read
  [warn] Failed to parse /System/Volumes/Data/Users/nagapavankumar.mudigonda/Library/CloudStorage/OneDrive-ThomsonReutersIncorporated/ciam-bulk/edgar/Data/OLD/NF666_Admin_Acct-12-CTX-VM06.csv: ETIMEDOUT: connection timed out, read
  [warn] Failed to parse /System/Volumes/Data/Users/nagapavankumar.mudigonda/Library/CloudStorage/OneDrive-ThomsonReutersIncorporated/ciam-bulk/edgar/Data/OLD/NF666_Admin_Acct-12-CTX-VM07.csv: ETIMEDOUT: connection timed out, read
  [warn] Failed to parse /System/Volumes/Data/Users/nagapavankumar.mudigonda/Library/CloudStorage/OneDrive-ThomsonReutersIncorporated/ciam-bulk/edgar/Data/OLD/NF666_Admin_Acct-12-CTX-VM08.csv: ETIMEDOUT: connection timed out, read
  [warn] Failed to parse /System/Volumes/Data/Users/nagapavankumar.mudigonda/Library/CloudStorage/OneDrive-ThomsonReutersIncorporated/ciam-bulk/edgar/Data/OLD/NF666_Admin_Acct-12-CTX-VM09.csv: ETIMEDOUT: connection timed out, read
  [warn] Failed to parse /System/Volumes/Data/Users/nagapavankumar.mudigonda/Library/CloudStorage/OneDrive-ThomsonReutersIncorporated/ciam-bulk/edgar/Data/OLD/NF666_Admin_Acct-12-CTX-VM10.csv: ETIMEDOUT: connection timed out, read
  [warn] Failed to parse /System/Volumes/Data/Users/nagapavankumar.mudigonda/Library/CloudStorage/OneDrive-ThomsonReutersIncorporated/ciam-bulk/edgar/Data/OLD/NF666_Admin_Acct-122-CTX.csv: ETIMEDOUT: connection timed out, read
  [warn] Failed to parse /System/Volumes/Data/Users/nagapavankumar.mudigonda/Library/CloudStorage/OneDrive-ThomsonReutersIncorporated/ciam-bulk/edgar/Data/OLD/NetfirmAccountsForMFAFix(20231031-0900).csv: ETIMEDOUT: connection timed out, read
  [warn] Failed to parse /System/Volumes/Data/Users/nagapavankumar.mudigonda/Library/CloudStorage/OneDrive-ThomsonReutersIncorporated/ciam-bulk/edgar/Data/OLD/new-citrix-test-data.csv: ETIMEDOUT: connection timed out, read
  [warn] Failed to parse /System/Volumes/Data/Users/nagapavankumar.mudigonda/Library/CloudStorage/OneDrive-ThomsonReutersIncorporated/ciam-bulk/edgar/Data/OLD/testdata-AVD-VM01.csv: ETIMEDOUT: connection timed out, read
  [warn] Failed to parse /System/Volumes/Data/Users/nagapavankumar.mudigonda/Library/CloudStorage/OneDrive-ThomsonReutersIncorporated/ciam-bulk/edgar/Data/OLD/testdata-AVD-VM02.csv: ETIMEDOUT: connection timed out, read
  [warn] Failed to parse /System/Volumes/Data/Users/nagapavankumar.mudigonda/Library/CloudStorage/OneDrive-ThomsonReutersIncorporated/ciam-bulk/edgar/Data/OLD/testdata-AVD-VM03.csv: ETIMEDOUT: connection timed out, read
  [warn] Failed to parse /System/Volumes/Data/Users/nagapavankumar.mudigonda/Library/CloudStorage/OneDrive-ThomsonReutersIncorporated/ciam-bulk/edgar/Data/OLD/testdata-AVD-VM04.csv: ETIMEDOUT: connection timed out, read
  [warn] Failed to parse /System/Volumes/Data/Users/nagapavankumar.mudigonda/Library/CloudStorage/OneDrive-ThomsonReutersIncorporated/ciam-bulk/edgar/Data/OLD/testdata-AVD-VM05.csv: ETIMEDOUT: connection timed out, read
  [warn] Failed to parse /System/Volumes/Data/Users/nagapavankumar.mudigonda/Library/CloudStorage/OneDrive-ThomsonReutersIncorporated/ciam-bulk/edgar/Data/OLD/testdata-AVD-VM06.csv: ETIMEDOUT: connection timed out, read
  [warn] Failed to parse /System/Volumes/Data/Users/nagapavankumar.mudigonda/Library/CloudStorage/OneDrive-ThomsonReutersIncorporated/ciam-bulk/edgar/Data/OLD/testdata-AVD-VM07.csv: ETIMEDOUT: connection timed out, read
  [warn] Failed to parse /System/Volumes/Data/Users/nagapavankumar.mudigonda/Library/CloudStorage/OneDrive-ThomsonReutersIncorporated/ciam-bulk/edgar/Data/OLD/testdata-AVD-VM08.csv: ETIMEDOUT: connection timed out, read
  [warn] Failed to parse /System/Volumes/Data/Users/nagapavankumar.mudigonda/Library/CloudStorage/OneDrive-ThomsonReutersIncorporated/ciam-bulk/edgar/Data/OLD/testdata-AVD-VM09.csv: ETIMEDOUT: connection timed out, read
  [warn] Failed to parse /System/Volumes/Data/Users/nagapavankumar.mudigonda/Library/CloudStorage/OneDrive-ThomsonReutersIncorporated/ciam-bulk/edgar/Data/OLD/testdata-AVD-VM10.csv: ETIMEDOUT: connection timed out, read
  [warn] Failed to parse /System/Volumes/Data/Users/nagapavankumar.mudigonda/Library/CloudStorage/OneDrive-ThomsonReutersIncorporated/ciam-bulk/edgar/Data/OLD/testdata-AVDStaffFirmsQA.csv: ETIMEDOUT: connection timed out, read
  [warn] Failed to parse /System/Volumes/Data/Users/nagapavankumar.mudigonda/Library/CloudStorage/OneDrive-ThomsonReutersIncorporated/ciam-bulk/edgar/Data/OLD/testdata-CTX-Failed-VM01.csv: ETIMEDOUT: connection timed out, read
  [warn] Failed to parse /System/Volumes/Data/Users/nagapavankumar.mudigonda/Library/CloudStorage/OneDrive-ThomsonReutersIncorporated/ciam-bulk/edgar/Data/OLD/testdata-CTX-Failed-VM02.csv: ETIMEDOUT: connection timed out, read
  [warn] Failed to parse /System/Volumes/Data/Users/nagapavankumar.mudigonda/Library/CloudStorage/OneDrive-ThomsonReutersIncorporated/ciam-bulk/edgar/Data/OLD/testdata-CTX-Failed-VM03.csv: ETIMEDOUT: connection timed out, read
  [warn] Failed to parse /System/Volumes/Data/Users/nagapavankumar.mudigonda/Library/CloudStorage/OneDrive-ThomsonReutersIncorporated/ciam-bulk/edgar/Data/OLD/testdata-CTX-Failed-VM04.csv: ETIMEDOUT: connection timed out, read
  [warn] Failed to parse /System/Volumes/Data/Users/nagapavankumar.mudigonda/Library/CloudStorage/OneDrive-ThomsonReutersIncorporated/ciam-bulk/edgar/Data/OLD/testdata-CTX-Failed-VM05.csv: ETIMEDOUT: connection timed out, read
  [warn] Failed to parse /System/Volumes/Data/Users/nagapavankumar.mudigonda/Library/CloudStorage/OneDrive-ThomsonReutersIncorporated/ciam-bulk/edgar/Data/OLD/testdata-CTX-Failed-VM06.csv: ETIMEDOUT: connection timed out, read
  [warn] Failed to parse /System/Volumes/Data/Users/nagapavankumar.mudigonda/Library/CloudStorage/OneDrive-ThomsonReutersIncorporated/ciam-bulk/edgar/Data/OLD/testdata-CTX-Failed-VM07.csv: ETIMEDOUT: connection timed out, read
  [warn] Failed to parse /System/Volumes/Data/Users/nagapavankumar.mudigonda/Library/CloudStorage/OneDrive-ThomsonReutersIncorporated/ciam-bulk/edgar/Data/OLD/testdata-logintTestQA(600).csv: ETIMEDOUT: connection timed out, read
  [warn] Failed to parse /System/Volumes/Data/Users/nagapavankumar.mudigonda/Library/CloudStorage/OneDrive-ThomsonReutersIncorporated/ciam-bulk/edgar/Data/OLD/testdata-logintTestQA-VM1.csv: ETIMEDOUT: connection timed out, read
  [warn] Failed to parse /System/Volumes/Data/Users/nagapavankumar.mudigonda/Library/CloudStorage/OneDrive-ThomsonReutersIncorporated/ciam-bulk/edgar/Data/OLD/testdata-logintTestQA-VM2.csv: ETIMEDOUT: connection timed out, read
  [warn] Failed to parse /System/Volumes/Data/Users/nagapavankumar.mudigonda/Library/CloudStorage/OneDrive-ThomsonReutersIncorporated/ciam-bulk/edgar/Data/OLD/testdata-logintTestQA-VM3.csv: ETIMEDOUT: connection timed out, read
  [warn] Failed to parse /System/Volumes/Data/Users/nagapavankumar.mudigonda/Library/CloudStorage/OneDrive-ThomsonReutersIncorporated/ciam-bulk/edgar/Data/OLD/testdata-logintTestQA-VM4.csv: ETIMEDOUT: connection timed out, read
  [warn] Failed to parse /System/Volumes/Data/Users/nagapavankumar.mudigonda/Library/CloudStorage/OneDrive-ThomsonReutersIncorporated/ciam-bulk/edgar/Data/OLD/testdata-logintTestQA-VM5.csv: ETIMEDOUT: connection timed out, read
  [warn] Failed to parse /System/Volumes/Data/Users/nagapavankumar.mudigonda/Library/CloudStorage/OneDrive-ThomsonReutersIncorporated/ciam-bulk/edgar/Data/OLD/testdata-logintTestQA-VM6.csv: ETIMEDOUT: connection timed out, read
  [warn] Failed to parse /System/Volumes/Data/Users/nagapavankumar.mudigonda/Library/CloudStorage/OneDrive-ThomsonReutersIncorporated/ciam-bulk/edgar/Data/VO-Validation - Results/Consolidated-AccountingCS-Errors.csv: ETIMEDOUT: connection timed out, read
  [warn] Failed to parse /System/Volumes/Data/Users/nagapavankumar.mudigonda/Library/CloudStorage/OneDrive-ThomsonReutersIncorporated/ciam-bulk/edgar/Data/VO-Validation - Results/Consolidated-FileCabinet CS-Errors.csv: ETIMEDOUT: connection timed out, read
  [warn] Failed to parse /System/Volumes/Data/Users/nagapavankumar.mudigonda/Library/CloudStorage/OneDrive-ThomsonReutersIncorporated/ciam-bulk/edgar/Data/VO-Validation - Results/Consolidated-MSExcel2016-Errors.csv: ETIMEDOUT: connection timed out, read
  [warn] Failed to parse /System/Volumes/Data/Users/nagapavankumar.mudigonda/Library/CloudStorage/OneDrive-ThomsonReutersIncorporated/ciam-bulk/edgar/Data/VO-Validation - Results/Consolidated-MSOutlook 2016-Errors.csv: ETIMEDOUT: connection timed out, read
  [warn] Failed to parse /System/Volumes/Data/Users/nagapavankumar.mudigonda/Library/CloudStorage/OneDrive-ThomsonReutersIncorporated/ciam-bulk/edgar/Data/VO-Validation - Results/Consolidated-MSWord2016-Errors.csv: ETIMEDOUT: connection timed out, read
  [warn] Failed to parse /System/Volumes/Data/Users/nagapavankumar.mudigonda/Library/CloudStorage/OneDrive-ThomsonReutersIncorporated/ciam-bulk/edgar/Data/VO-Validation - Results/Consolidated-Netfirm-Errors.csv: ETIMEDOUT: connection timed out, read
  [warn] Failed to parse /System/Volumes/Data/Users/nagapavankumar.mudigonda/Library/CloudStorage/OneDrive-ThomsonReutersIncorporated/ciam-bulk/edgar/Data/VO-Validation - Results/Consolidated-PracticeCS-Errors.csv: ETIMEDOUT: connection timed out, read
  [warn] Failed to parse /System/Volumes/Data/Users/nagapavankumar.mudigonda/Library/CloudStorage/OneDrive-ThomsonReutersIncorporated/ciam-bulk/edgar/Data/VO-Validation - Results/Consolidated-UtraTaxCS2022-Errors.csv: ETIMEDOUT: connection timed out, read
  [warn] Failed to parse /System/Volumes/Data/Users/nagapavankumar.mudigonda/Library/CloudStorage/OneDrive-ThomsonReutersIncorporated/ciam-bulk/edgar/Data/VO-Validation - Results/Consolidated-UtraTaxCS2023-Errors.csv: ETIMEDOUT: connection timed out, read
  [warn] Failed to parse /System/Volumes/Data/Users/nagapavankumar.mudigonda/Library/CloudStorage/OneDrive-ThomsonReutersIncorporated/ciam-bulk/edgar/Data/VO-Validation - Results/VM01/VOApps-Accounting CS-failed-vm01.csv: ETIMEDOUT: connection timed out, read
  [warn] Failed to parse /System/Volumes/Data/Users/nagapavankumar.mudigonda/Library/CloudStorage/OneDrive-ThomsonReutersIncorporated/ciam-bulk/edgar/Data/VO-Validation - Results/VM01/VOApps-Accounting CS-passed-vm01.csv: ETIMEDOUT: connection timed out, read
  [warn] Failed to parse /System/Volumes/Data/Users/nagapavankumar.mudigonda/Library/CloudStorage/OneDrive-ThomsonReutersIncorporated/ciam-bulk/edgar/Data/VO-Validation - Results/VM01/VOApps-FileCabinet CS-failed-vm01.csv: ETIMEDOUT: connection timed out, read
  [warn] Failed to parse /System/Volumes/Data/Users/nagapavankumar.mudigonda/Library/CloudStorage/OneDrive-ThomsonReutersIncorporated/ciam-bulk/edgar/Data/VO-Validation - Results/VM01/VOApps-FileCabinet CS-passed-vm01.csv: ETIMEDOUT: connection timed out, read
  [warn] Failed to parse /System/Volumes/Data/Users/nagapavankumar.mudigonda/Library/CloudStorage/OneDrive-ThomsonReutersIncorporated/ciam-bulk/edgar/Data/VO-Validation - Results/VM01/VOApps-Microsoft Excel 2016-failed-vm01.csv: ETIMEDOUT: connection timed out, read
  [warn] Failed to parse /System/Volumes/Data/Users/nagapavankumar.mudigonda/Library/CloudStorage/OneDrive-ThomsonReutersIncorporated/ciam-bulk/edgar/Data/VO-Validation - Results/VM01/VOApps-Microsoft Excel 2016-passed-vm01.csv: ETIMEDOUT: connection timed out, read
  [warn] Failed to parse /System/Volumes/Data/Users/nagapavankumar.mudigonda/Library/CloudStorage/OneDrive-ThomsonReutersIncorporated/ciam-bulk/edgar/Data/VO-Validation - Results/VM01/VOApps-Microsoft Outlook 2016-failed-vm01.csv: ETIMEDOUT: connection timed out, read
  [warn] Failed to parse /System/Volumes/Data/Users/nagapavankumar.mudigonda/Library/CloudStorage/OneDrive-ThomsonReutersIncorporated/ciam-bulk/edgar/Data/VO-Validation - Results/VM01/VOApps-Microsoft Outlook 2016-passed-vm01.csv: ETIMEDOUT: connection timed out, read
  [warn] Failed to parse /System/Volumes/Data/Users/nagapavankumar.mudigonda/Library/CloudStorage/OneDrive-ThomsonReutersIncorporated/ciam-bulk/edgar/Data/VO-Validation - Results/VM01/VOApps-Microsoft Word 2016-failed-vm01.csv: ETIMEDOUT: connection timed out, read
  [warn] Failed to parse /System/Volumes/Data/Users/nagapavankumar.mudigonda/Library/CloudStorage/OneDrive-ThomsonReutersIncorporated/ciam-bulk/edgar/Data/VO-Validation - Results/VM01/VOApps-Microsoft Word 2016-passed-vm01.csv: ETIMEDOUT: connection timed out, read
  [warn] Failed to parse /System/Volumes/Data/Users/nagapavankumar.mudigonda/Library/CloudStorage/OneDrive-ThomsonReutersIncorporated/ciam-bulk/edgar/Data/VO-Validation - Results/VM01/VOApps-Practice CS-failed-vm01.csv: ETIMEDOUT: connection timed out, read
  [warn] Failed to parse /System/Volumes/Data/Users/nagapavankumar.mudigonda/Library/CloudStorage/OneDrive-ThomsonReutersIncorporated/ciam-bulk/edgar/Data/VO-Validation - Results/VM01/VOApps-UltraTax CS 2022-failed-vm01.csv: ETIMEDOUT: connection timed out, read
  [warn] Failed to parse /System/Volumes/Data/Users/nagapavankumar.mudigonda/Library/CloudStorage/OneDrive-ThomsonReutersIncorporated/ciam-bulk/edgar/Data/VO-Validation - Results/VM01/VOApps-UltraTax CS 2022-passed-vm01.csv: ETIMEDOUT: connection timed out, read
  [warn] Failed to parse /System/Volumes/Data/Users/nagapavankumar.mudigonda/Library/CloudStorage/OneDrive-ThomsonReutersIncorporated/ciam-bulk/edgar/Data/VO-Validation - Results/VM01/VOApps-UltraTax CS 2023-failed-vm01.csv: ETIMEDOUT: connection timed out, read
  [warn] Failed to parse /System/Volumes/Data/Users/nagapavankumar.mudigonda/Library/CloudStorage/OneDrive-ThomsonReutersIncorporated/ciam-bulk/edgar/Data/VO-Validation - Results/VM01/VOApps-UltraTax CS 2023-passed-vm01.csv: ETIMEDOUT: connection timed out, read
  [warn] Failed to parse /System/Volumes/Data/Users/nagapavankumar.mudigonda/Library/CloudStorage/OneDrive-ThomsonReutersIncorporated/ciam-bulk/edgar/Data/VO-Validation - Results/VM01/failed-20240127-vm01.csv: ETIMEDOUT: connection timed out, read
  [warn] Failed to parse /System/Volumes/Data/Users/nagapavankumar.mudigonda/Library/CloudStorage/OneDrive-ThomsonReutersIncorporated/ciam-bulk/edgar/Data/VO-Validation - Results/VM02/VOApps-Accounting CS-failed-vm02.csv: ETIMEDOUT: connection timed out, read
  [warn] Failed to parse /System/Volumes/Data/Users/nagapavankumar.mudigonda/Library/CloudStorage/OneDrive-ThomsonReutersIncorporated/ciam-bulk/edgar/Data/VO-Validation - Results/VM02/VOApps-FileCabinet CS-passed-vm02.csv: ETIMEDOUT: connection timed out, read
  [warn] Failed to parse /System/Volumes/Data/Users/nagapavankumar.mudigonda/Library/CloudStorage/OneDrive-ThomsonReutersIncorporated/ciam-bulk/edgar/Data/VO-Validation - Results/VM02/VOApps-Microsoft Excel 2016-passed-vm02.csv: ETIMEDOUT: connection timed out, read
  [warn] Failed to parse /System/Volumes/Data/Users/nagapavankumar.mudigonda/Library/CloudStorage/OneDrive-ThomsonReutersIncorporated/ciam-bulk/edgar/Data/VO-Validation - Results/VM02/VOApps-Microsoft Outlook 2016-passed-vm02.csv: ETIMEDOUT: connection timed out, read
  [warn] Failed to parse /System/Volumes/Data/Users/nagapavankumar.mudigonda/Library/CloudStorage/OneDrive-ThomsonReutersIncorporated/ciam-bulk/edgar/Data/VO-Validation - Results/VM02/VOApps-Microsoft Word 2016-passed-vm02.csv: ETIMEDOUT: connection timed out, read
  [warn] Failed to parse /System/Volumes/Data/Users/nagapavankumar.mudigonda/Library/CloudStorage/OneDrive-ThomsonReutersIncorporated/ciam-bulk/edgar/Data/VO-Validation - Results/VM02/VOApps-Practice CS-failed-vm02.csv: ETIMEDOUT: connection timed out, read
  [warn] Failed to parse /System/Volumes/Data/Users/nagapavankumar.mudigonda/Library/CloudStorage/OneDrive-ThomsonReutersIncorporated/ciam-bulk/edgar/Data/VO-Validation - Results/VM02/VOApps-UltraTax CS 2022-failed-vm02.csv: ETIMEDOUT: connection timed out, read
  [warn] Failed to parse /System/Volumes/Data/Users/nagapavankumar.mudigonda/Library/CloudStorage/OneDrive-ThomsonReutersIncorporated/ciam-bulk/edgar/Data/VO-Validation - Results/VM02/VOApps-UltraTax CS 2023-failed-vm02.csv: ETIMEDOUT: connection timed out, read
  [warn] Failed to parse /System/Volumes/Data/Users/nagapavankumar.mudigonda/Library/CloudStorage/OneDrive-ThomsonReutersIncorporated/ciam-bulk/edgar/Data/VO-Validation - Results/VM02/failed-20240127-vm02.csv: ETIMEDOUT: connection timed out, read
  [warn] Failed to parse /System/Volumes/Data/Users/nagapavankumar.mudigonda/Library/CloudStorage/OneDrive-ThomsonReutersIncorporated/ciam-bulk/edgar/Data/VO-Validation - Results/VM03/VOApps-Accounting CS-failed-vm03.csv: ETIMEDOUT: connection timed out, read
  [warn] Failed to parse /System/Volumes/Data/Users/nagapavankumar.mudigonda/Library/CloudStorage/OneDrive-ThomsonReutersIncorporated/ciam-bulk/edgar/Data/VO-Validation - Results/VM03/VOApps-FileCabinet CS-passed-vm03.csv: ETIMEDOUT: connection timed out, read
  [warn] Failed to parse /System/Volumes/Data/Users/nagapavankumar.mudigonda/Library/CloudStorage/OneDrive-ThomsonReutersIncorporated/ciam-bulk/edgar/Data/VO-Validation - Results/VM03/VOApps-Microsoft Excel 2016-failed-vm03.csv: ETIMEDOUT: connection timed out, read
  [warn] Failed to parse /System/Volumes/Data/Users/nagapavankumar.mudigonda/Library/CloudStorage/OneDrive-ThomsonReutersIncorporated/ciam-bulk/edgar/Data/VO-Validation - Results/VM03/VOApps-Microsoft Excel 2016-passed-vm03.csv: ETIMEDOUT: connection timed out, read
  [warn] Failed to parse /System/Volumes/Data/Users/nagapavankumar.mudigonda/Library/CloudStorage/OneDrive-ThomsonReutersIncorporated/ciam-bulk/edgar/Data/VO-Validation - Results/VM03/VOApps-Microsoft Outlook 2016-passed-vm03.csv: ETIMEDOUT: connection timed out, read
  [warn] Failed to parse /System/Volumes/Data/Users/nagapavankumar.mudigonda/Library/CloudStorage/OneDrive-ThomsonReutersIncorporated/ciam-bulk/edgar/Data/VO-Validation - Results/VM03/VOApps-Microsoft Word 2016-failed-vm03.csv: ETIMEDOUT: connection timed out, read
  [warn] Failed to parse /System/Volumes/Data/Users/nagapavankumar.mudigonda/Library/CloudStorage/OneDrive-ThomsonReutersIncorporated/ciam-bulk/edgar/Data/VO-Validation - Results/VM03/VOApps-Microsoft Word 2016-passed-vm03.csv: ETIMEDOUT: connection timed out, read
  [warn] Failed to parse /System/Volumes/Data/Users/nagapavankumar.mudigonda/Library/CloudStorage/OneDrive-ThomsonReutersIncorporated/ciam-bulk/edgar/Data/VO-Validation - Results/VM03/VOApps-Practice CS-failed-vm03.csv: ETIMEDOUT: connection timed out, read
  [warn] Failed to parse /System/Volumes/Data/Users/nagapavankumar.mudigonda/Library/CloudStorage/OneDrive-ThomsonReutersIncorporated/ciam-bulk/edgar/Data/VO-Validation - Results/VM03/VOApps-UltraTax CS 2022-failed-vm03.csv: ETIMEDOUT: connection timed out, read
  [warn] Failed to parse /System/Volumes/Data/Users/nagapavankumar.mudigonda/Library/CloudStorage/OneDrive-ThomsonReutersIncorporated/ciam-bulk/edgar/Data/VO-Validation - Results/VM03/VOApps-UltraTax CS 2023-failed-vm03.csv: ETIMEDOUT: connection timed out, read
  [warn] Failed to parse /System/Volumes/Data/Users/nagapavankumar.mudigonda/Library/CloudStorage/OneDrive-ThomsonReutersIncorporated/ciam-bulk/edgar/Data/VO-Validation - Results/VM03/failed-20240127-vm03.csv: ETIMEDOUT: connection timed out, read
  [warn] Failed to parse /System/Volumes/Data/Users/nagapavankumar.mudigonda/Library/CloudStorage/OneDrive-ThomsonReutersIncorporated/ciam-bulk/edgar/Data/VO-Validation - Results/VM04/VOApps-Accounting CS-failed-vm04.csv: ETIMEDOUT: connection timed out, read
  [warn] Failed to parse /System/Volumes/Data/Users/nagapavankumar.mudigonda/Library/CloudStorage/OneDrive-ThomsonReutersIncorporated/ciam-bulk/edgar/Data/VO-Validation - Results/VM04/VOApps-FileCabinet CS-passed-vm04.csv: ETIMEDOUT: connection timed out, read
  [warn] Failed to parse /System/Volumes/Data/Users/nagapavankumar.mudigonda/Library/CloudStorage/OneDrive-ThomsonReutersIncorporated/ciam-bulk/edgar/Data/VO-Validation - Results/VM04/VOApps-Microsoft Excel 2016-failed-vm04.csv: ETIMEDOUT: connection timed out, read
  [warn] Failed to parse /System/Volumes/Data/Users/nagapavankumar.mudigonda/Library/CloudStorage/OneDrive-ThomsonReutersIncorporated/ciam-bulk/edgar/Data/VO-Validation - Results/VM04/VOApps-Microsoft Excel 2016-passed-vm04.csv: ETIMEDOUT: connection timed out, read
  [warn] Failed to parse /System/Volumes/Data/Users/nagapavankumar.mudigonda/Library/CloudStorage/OneDrive-ThomsonReutersIncorporated/ciam-bulk/edgar/Data/VO-Validation - Results/VM04/VOApps-Microsoft Outlook 2016-passed-vm04.csv: ETIMEDOUT: connection timed out, read
  [warn] Failed to parse /System/Volumes/Data/Users/nagapavankumar.mudigonda/Library/CloudStorage/OneDrive-ThomsonReutersIncorporated/ciam-bulk/edgar/Data/VO-Validation - Results/VM04/VOApps-Microsoft Word 2016-failed-vm04.csv: ETIMEDOUT: connection timed out, read
  [warn] Failed to parse /System/Volumes/Data/Users/nagapavankumar.mudigonda/Library/CloudStorage/OneDrive-ThomsonReutersIncorporated/ciam-bulk/edgar/Data/VO-Validation - Results/VM04/VOApps-Microsoft Word 2016-passed-vm04.csv: ETIMEDOUT: connection timed out, read
  [warn] Failed to parse /System/Volumes/Data/Users/nagapavankumar.mudigonda/Library/CloudStorage/OneDrive-ThomsonReutersIncorporated/ciam-bulk/edgar/Data/VO-Validation - Results/VM04/VOApps-Practice CS-failed-vm04.csv: ETIMEDOUT: connection timed out, read
  [warn] Failed to parse /System/Volumes/Data/Users/nagapavankumar.mudigonda/Library/CloudStorage/OneDrive-ThomsonReutersIncorporated/ciam-bulk/edgar/Data/VO-Validation - Results/VM04/VOApps-UltraTax CS 2022-failed-vm04.csv: ETIMEDOUT: connection timed out, read
  [warn] Failed to parse /System/Volumes/Data/Users/nagapavankumar.mudigonda/Library/CloudStorage/OneDrive-ThomsonReutersIncorporated/ciam-bulk/edgar/Data/VO-Validation - Results/VM04/VOApps-UltraTax CS 2023-failed-vm04.csv: ETIMEDOUT: connection timed out, read
  [warn] Failed to parse /System/Volumes/Data/Users/nagapavankumar.mudigonda/Library/CloudStorage/OneDrive-ThomsonReutersIncorporated/ciam-bulk/edgar/Data/VO-Validation - Results/VM04/failed-20240127-vm04.csv: ETIMEDOUT: connection timed out, read
  [warn] Failed to parse /System/Volumes/Data/Users/nagapavankumar.mudigonda/Library/CloudStorage/OneDrive-ThomsonReutersIncorporated/ciam-bulk/edgar/Data/VO-Validation - Results/VM05/VOApps-Accounting CS-passed-vm05.csv: ETIMEDOUT: connection timed out, read
  [warn] Failed to parse /System/Volumes/Data/Users/nagapavankumar.mudigonda/Library/CloudStorage/OneDrive-ThomsonReutersIncorporated/ciam-bulk/edgar/Data/VO-Validation - Results/VM05/VOApps-FileCabinet CS-passed-vm05.csv: ETIMEDOUT: connection timed out, read
  [warn] Failed to parse /System/Volumes/Data/Users/nagapavankumar.mudigonda/Library/CloudStorage/OneDrive-ThomsonReutersIncorporated/ciam-bulk/edgar/Data/VO-Validation - Results/VM05/VOApps-Microsoft Excel 2016-passed-vm05.csv: ETIMEDOUT: connection timed out, read
  [warn] Failed to parse /System/Volumes/Data/Users/nagapavankumar.mudigonda/Library/CloudStorage/OneDrive-ThomsonReutersIncorporated/ciam-bulk/edgar/Data/VO-Validation - Results/VM05/VOApps-Microsoft Outlook 2016-passed-vm05.csv: ETIMEDOUT: connection timed out, read
  [warn] Failed to parse /System/Volumes/Data/Users/nagapavankumar.mudigonda/Library/CloudStorage/OneDrive-ThomsonReutersIncorporated/ciam-bulk/edgar/Data/VO-Validation - Results/VM05/VOApps-Microsoft Word 2016-passed-vm05.csv: ETIMEDOUT: connection timed out, read
  [warn] Failed to parse /System/Volumes/Data/Users/nagapavankumar.mudigonda/Library/CloudStorage/OneDrive-ThomsonReutersIncorporated/ciam-bulk/edgar/Data/VO-Validation - Results/VM05/VOApps-Practice CS-passed-vm05.csv: ETIMEDOUT: connection timed out, read
  [warn] Failed to parse /System/Volumes/Data/Users/nagapavankumar.mudigonda/Library/CloudStorage/OneDrive-ThomsonReutersIncorporated/ciam-bulk/edgar/Data/VO-Validation - Results/VM05/VOApps-UltraTax CS 2022-passed-vm05.csv: ETIMEDOUT: connection timed out, read
  [warn] Failed to parse /System/Volumes/Data/Users/nagapavankumar.mudigonda/Library/CloudStorage/OneDrive-ThomsonReutersIncorporated/ciam-bulk/edgar/Data/VO-Validation - Results/VM05/VOApps-UltraTax CS 2023-passed-vm05.csv: ETIMEDOUT: connection timed out, read
  [warn] Failed to parse /System/Volumes/Data/Users/nagapavankumar.mudigonda/Library/CloudStorage/OneDrive-ThomsonReutersIncorporated/ciam-bulk/edgar/Data/VO-Validation - Results/VM06/VOApps-Accounting CS-passed-vm06.csv: ETIMEDOUT: connection timed out, read
  [warn] Failed to parse /System/Volumes/Data/Users/nagapavankumar.mudigonda/Library/CloudStorage/OneDrive-ThomsonReutersIncorporated/ciam-bulk/edgar/Data/VO-Validation - Results/VM06/VOApps-FileCabinet CS-passed-vm06.csv: ETIMEDOUT: connection timed out, read
  [warn] Failed to parse /System/Volumes/Data/Users/nagapavankumar.mudigonda/Library/CloudStorage/OneDrive-ThomsonReutersIncorporated/ciam-bulk/edgar/Data/VO-Validation - Results/VM06/VOApps-Microsoft Excel 2016-passed-vm06.csv: ETIMEDOUT: connection timed out, read
  [warn] Failed to parse /System/Volumes/Data/Users/nagapavankumar.mudigonda/Library/CloudStorage/OneDrive-ThomsonReutersIncorporated/ciam-bulk/edgar/Data/VO-Validation - Results/VM06/VOApps-Microsoft Outlook 2016-passed-vm06.csv: ETIMEDOUT: connection timed out, read
  [warn] Failed to parse /System/Volumes/Data/Users/nagapavankumar.mudigonda/Library/CloudStorage/OneDrive-ThomsonReutersIncorporated/ciam-bulk/edgar/Data/VO-Validation - Results/VM06/VOApps-Microsoft Word 2016-passed-vm06.csv: ETIMEDOUT: connection timed out, read
  [warn] Failed to parse /System/Volumes/Data/Users/nagapavankumar.mudigonda/Library/CloudStorage/OneDrive-ThomsonReutersIncorporated/ciam-bulk/edgar/Data/VO-Validation - Results/VM06/VOApps-Practice CS-passed-vm06.csv: ETIMEDOUT: connection timed out, read
  [warn] Failed to parse /System/Volumes/Data/Users/nagapavankumar.mudigonda/Library/CloudStorage/OneDrive-ThomsonReutersIncorporated/ciam-bulk/edgar/Data/VO-Validation - Results/VM06/VOApps-UltraTax CS 2022-passed-vm06.csv: ETIMEDOUT: connection timed out, read
  [warn] Failed to parse /System/Volumes/Data/Users/nagapavankumar.mudigonda/Library/CloudStorage/OneDrive-ThomsonReutersIncorporated/ciam-bulk/edgar/Data/VO-Validation - Results/VM06/VOApps-UltraTax CS 2023-passed-vm06.csv: ETIMEDOUT: connection timed out, read
  [warn] Failed to parse /System/Volumes/Data/Users/nagapavankumar.mudigonda/Library/CloudStorage/OneDrive-ThomsonReutersIncorporated/ciam-bulk/edgar/Data/VO-Validation - Results/VM06/failed-20240128-vm06.csv: ETIMEDOUT: connection timed out, read
  [warn] Failed to parse /System/Volumes/Data/Users/nagapavankumar.mudigonda/Library/CloudStorage/OneDrive-ThomsonReutersIncorporated/ciam-bulk/edgar/Data/VO-Validation - Results/VM07/VOApps-Accounting CS-passed-vm07.csv: ETIMEDOUT: connection timed out, read
  [warn] Failed to parse /System/Volumes/Data/Users/nagapavankumar.mudigonda/Library/CloudStorage/OneDrive-ThomsonReutersIncorporated/ciam-bulk/edgar/Data/VO-Validation - Results/VM07/VOApps-FileCabinet CS-passed-vm07.csv: ETIMEDOUT: connection timed out, read
  [warn] Failed to parse /System/Volumes/Data/Users/nagapavankumar.mudigonda/Library/CloudStorage/OneDrive-ThomsonReutersIncorporated/ciam-bulk/edgar/Data/VO-Validation - Results/VM07/VOApps-Microsoft Excel 2016-passed-vm07.csv: ETIMEDOUT: connection timed out, read
  [warn] Failed to parse /System/Volumes/Data/Users/nagapavankumar.mudigonda/Library/CloudStorage/OneDrive-ThomsonReutersIncorporated/ciam-bulk/edgar/Data/VO-Validation - Results/VM07/VOApps-Microsoft Outlook 2016-passed-vm07.csv: ETIMEDOUT: connection timed out, read
  [warn] Failed to parse /System/Volumes/Data/Users/nagapavankumar.mudigonda/Library/CloudStorage/OneDrive-ThomsonReutersIncorporated/ciam-bulk/edgar/Data/VO-Validation - Results/VM07/VOApps-Microsoft Word 2016-passed-vm07.csv: ETIMEDOUT: connection timed out, read
  [warn] Failed to parse /System/Volumes/Data/Users/nagapavankumar.mudigonda/Library/CloudStorage/OneDrive-ThomsonReutersIncorporated/ciam-bulk/edgar/Data/VO-Validation - Results/VM07/VOApps-Practice CS-passed-vm07.csv: ETIMEDOUT: connection timed out, read
  [warn] Failed to parse /System/Volumes/Data/Users/nagapavankumar.mudigonda/Library/CloudStorage/OneDrive-ThomsonReutersIncorporated/ciam-bulk/edgar/Data/VO-Validation - Results/VM07/VOApps-UltraTax CS 2022-passed-vm07.csv: ETIMEDOUT: connection timed out, read
  [warn] Failed to parse /System/Volumes/Data/Users/nagapavankumar.mudigonda/Library/CloudStorage/OneDrive-ThomsonReutersIncorporated/ciam-bulk/edgar/Data/VO-Validation - Results/VM07/VOApps-UltraTax CS 2023-passed-vm07.csv: ETIMEDOUT: connection timed out, read
  [warn] Failed to parse /System/Volumes/Data/Users/nagapavankumar.mudigonda/Library/CloudStorage/OneDrive-ThomsonReutersIncorporated/ciam-bulk/edgar/Data/VO-Validation - Results/VM07/failed-20240128-vm07.csv: ETIMEDOUT: connection timed out, read
  [warn] Failed to parse /System/Volumes/Data/Users/nagapavankumar.mudigonda/Library/CloudStorage/OneDrive-ThomsonReutersIncorporated/ciam-bulk/edgar/Data/VO-Validation - Results/VM08/VOApps-Accounting CS-passed-vm08.csv: ETIMEDOUT: connection timed out, read
  [warn] Failed to parse /System/Volumes/Data/Users/nagapavankumar.mudigonda/Library/CloudStorage/OneDrive-ThomsonReutersIncorporated/ciam-bulk/edgar/Data/VO-Validation - Results/VM08/VOApps-FileCabinet CS-passed-vm08.csv: ETIMEDOUT: connection timed out, read
  [warn] Failed to parse /System/Volumes/Data/Users/nagapavankumar.mudigonda/Library/CloudStorage/OneDrive-ThomsonReutersIncorporated/ciam-bulk/edgar/Data/VO-Validation - Results/VM08/VOApps-Microsoft Excel 2016-passed-vm08.csv: ETIMEDOUT: connection timed out, read
  [warn] Failed to parse /System/Volumes/Data/Users/nagapavankumar.mudigonda/Library/CloudStorage/OneDrive-ThomsonReutersIncorporated/ciam-bulk/edgar/Data/VO-Validation - Results/VM08/VOApps-Microsoft Outlook 2016-passed-vm08.csv: ETIMEDOUT: connection timed out, read
  [warn] Failed to parse /System/Volumes/Data/Users/nagapavankumar.mudigonda/Library/CloudStorage/OneDrive-ThomsonReutersIncorporated/ciam-bulk/edgar/Data/VO-Validation - Results/VM08/VOApps-Microsoft Word 2016-passed-vm08.csv: ETIMEDOUT: connection timed out, read
  [warn] Failed to parse /System/Volumes/Data/Users/nagapavankumar.mudigonda/Library/CloudStorage/OneDrive-ThomsonReutersIncorporated/ciam-bulk/edgar/Data/VO-Validation - Results/VM08/VOApps-Practice CS-passed-vm08.csv: ETIMEDOUT: connection timed out, read
  [warn] Failed to parse /System/Volumes/Data/Users/nagapavankumar.mudigonda/Library/CloudStorage/OneDrive-ThomsonReutersIncorporated/ciam-bulk/edgar/Data/VO-Validation - Results/VM08/VOApps-UltraTax CS 2022-passed-vm08.csv: ETIMEDOUT: connection timed out, read
  [warn] Failed to parse /System/Volumes/Data/Users/nagapavankumar.mudigonda/Library/CloudStorage/OneDrive-ThomsonReutersIncorporated/ciam-bulk/edgar/Data/VO-Validation - Results/VM08/VOApps-UltraTax CS 2023-passed-vm08.csv: ETIMEDOUT: connection timed out, read
  [warn] Failed to parse /System/Volumes/Data/Users/nagapavankumar.mudigonda/Library/CloudStorage/OneDrive-ThomsonReutersIncorporated/ciam-bulk/edgar/Data/VO-Validation - Results/VM08/failed-20240128-vm08.csv: ETIMEDOUT: connection timed out, read
  [warn] Failed to parse /System/Volumes/Data/Users/nagapavankumar.mudigonda/Library/CloudStorage/OneDrive-ThomsonReutersIncorporated/ciam-bulk/edgar/Data/VO-Validation - Results/VM09/VOApps-Accounting CS-passed-vm09.csv: ETIMEDOUT: connection timed out, read
  [warn] Failed to parse /System/Volumes/Data/Users/nagapavankumar.mudigonda/Library/CloudStorage/OneDrive-ThomsonReutersIncorporated/ciam-bulk/edgar/Data/VO-Validation - Results/VM09/VOApps-FileCabinet CS-passed-vm09.csv: ETIMEDOUT: connection timed out, read
  [warn] Failed to parse /System/Volumes/Data/Users/nagapavankumar.mudigonda/Library/CloudStorage/OneDrive-ThomsonReutersIncorporated/ciam-bulk/edgar/Data/VO-Validation - Results/VM09/VOApps-Microsoft Excel 2016-failed-vm09.csv: ETIMEDOUT: connection timed out, read
  [warn] Failed to parse /System/Volumes/Data/Users/nagapavankumar.mudigonda/Library/CloudStorage/OneDrive-ThomsonReutersIncorporated/ciam-bulk/edgar/Data/VO-Validation - Results/VM09/VOApps-Microsoft Excel 2016-passed-vm09.csv: ETIMEDOUT: connection timed out, read
  [warn] Failed to parse /System/Volumes/Data/Users/nagapavankumar.mudigonda/Library/CloudStorage/OneDrive-ThomsonReutersIncorporated/ciam-bulk/edgar/Data/VO-Validation - Results/VM09/VOApps-Microsoft Outlook 2016-passed-vm09.csv: ETIMEDOUT: connection timed out, read
  [warn] Failed to parse /System/Volumes/Data/Users/nagapavankumar.mudigonda/Library/CloudStorage/OneDrive-ThomsonReutersIncorporated/ciam-bulk/edgar/Data/VO-Validation - Results/VM09/VOApps-Microsoft Word 2016-failed-vm09.csv: ETIMEDOUT: connection timed out, read
  [warn] Failed to parse /System/Volumes/Data/Users/nagapavankumar.mudigonda/Library/CloudStorage/OneDrive-ThomsonReutersIncorporated/ciam-bulk/edgar/Data/VO-Validation - Results/VM09/VOApps-Microsoft Word 2016-passed-vm09.csv: ETIMEDOUT: connection timed out, read
  [warn] Failed to parse /System/Volumes/Data/Users/nagapavankumar.mudigonda/Library/CloudStorage/OneDrive-ThomsonReutersIncorporated/ciam-bulk/edgar/Data/VO-Validation - Results/VM09/VOApps-Practice CS-failed-vm09.csv: ETIMEDOUT: connection timed out, read
  [warn] Failed to parse /System/Volumes/Data/Users/nagapavankumar.mudigonda/Library/CloudStorage/OneDrive-ThomsonReutersIncorporated/ciam-bulk/edgar/Data/VO-Validation - Results/VM09/VOApps-Practice CS-passed-vm09.csv: ETIMEDOUT: connection timed out, read
  [warn] Failed to parse /System/Volumes/Data/Users/nagapavankumar.mudigonda/Library/CloudStorage/OneDrive-ThomsonReutersIncorporated/ciam-bulk/edgar/Data/VO-Validation - Results/VM09/VOApps-UltraTax CS 2022-passed-vm09.csv: ETIMEDOUT: connection timed out, read
  [warn] Failed to parse /System/Volumes/Data/Users/nagapavankumar.mudigonda/Library/CloudStorage/OneDrive-ThomsonReutersIncorporated/ciam-bulk/edgar/Data/VO-Validation - Results/VM09/VOApps-UltraTax CS 2023-passed-vm09.csv: ETIMEDOUT: connection timed out, read
  [warn] Failed to parse /System/Volumes/Data/Users/nagapavankumar.mudigonda/Library/CloudStorage/OneDrive-ThomsonReutersIncorporated/ciam-bulk/edgar/Data/VO-Validation - Results/VM09/failed-20240128-vm09.csv: ETIMEDOUT: connection timed out, read
  [warn] Failed to parse /System/Volumes/Data/Users/nagapavankumar.mudigonda/Library/CloudStorage/OneDrive-ThomsonReutersIncorporated/ciam-bulk/edgar/Data/VO-Validation - Results/VM10/VOApps-Accounting CS-failed-vm10.csv: ETIMEDOUT: connection timed out, read
  [warn] Failed to parse /System/Volumes/Data/Users/nagapavankumar.mudigonda/Library/CloudStorage/OneDrive-ThomsonReutersIncorporated/ciam-bulk/edgar/Data/VO-Validation - Results/VM10/VOApps-Accounting CS-passed-vm10.csv: ETIMEDOUT: connection timed out, read
  [warn] Failed to parse /System/Volumes/Data/Users/nagapavankumar.mudigonda/Library/CloudStorage/OneDrive-ThomsonReutersIncorporated/ciam-bulk/edgar/Data/VO-Validation - Results/VM10/VOApps-FileCabinet CS-passed-vm10.csv: ETIMEDOUT: connection timed out, read
  [warn] Failed to parse /System/Volumes/Data/Users/nagapavankumar.mudigonda/Library/CloudStorage/OneDrive-ThomsonReutersIncorporated/ciam-bulk/edgar/Data/VO-Validation - Results/VM10/VOApps-Microsoft Excel 2016-passed-vm10.csv: ETIMEDOUT: connection timed out, read
  [warn] Failed to parse /System/Volumes/Data/Users/nagapavankumar.mudigonda/Library/CloudStorage/OneDrive-ThomsonReutersIncorporated/ciam-bulk/edgar/Data/VO-Validation - Results/VM10/VOApps-Microsoft Outlook 2016-passed-vm10.csv: ETIMEDOUT: connection timed out, read
  [warn] Failed to parse /System/Volumes/Data/Users/nagapavankumar.mudigonda/Library/CloudStorage/OneDrive-ThomsonReutersIncorporated/ciam-bulk/edgar/Data/VO-Validation - Results/VM10/VOApps-Microsoft Word 2016-passed-vm10.csv: ETIMEDOUT: connection timed out, read
  [warn] Failed to parse /System/Volumes/Data/Users/nagapavankumar.mudigonda/Library/CloudStorage/OneDrive-ThomsonReutersIncorporated/ciam-bulk/edgar/Data/VO-Validation - Results/VM10/VOApps-Practice CS-failed-vm10.csv: ETIMEDOUT: connection timed out, read
  [warn] Failed to parse /System/Volumes/Data/Users/nagapavankumar.mudigonda/Library/CloudStorage/OneDrive-ThomsonReutersIncorporated/ciam-bulk/edgar/Data/VO-Validation - Results/VM10/VOApps-Practice CS-passed-vm10.csv: ETIMEDOUT: connection timed out, read
  [warn] Failed to parse /System/Volumes/Data/Users/nagapavankumar.mudigonda/Library/CloudStorage/OneDrive-ThomsonReutersIncorporated/ciam-bulk/edgar/Data/VO-Validation - Results/VM10/VOApps-UltraTax CS 2022-failed-vm10.csv: ETIMEDOUT: connection timed out, read
  [warn] Failed to parse /System/Volumes/Data/Users/nagapavankumar.mudigonda/Library/CloudStorage/OneDrive-ThomsonReutersIncorporated/ciam-bulk/edgar/Data/VO-Validation - Results/VM10/VOApps-UltraTax CS 2022-passed-vm10.csv: ETIMEDOUT: connection timed out, read
  [warn] Failed to parse /System/Volumes/Data/Users/nagapavankumar.mudigonda/Library/CloudStorage/OneDrive-ThomsonReutersIncorporated/ciam-bulk/edgar/Data/VO-Validation - Results/VM10/VOApps-UltraTax CS 2023-failed-vm10.csv: ETIMEDOUT: connection timed out, read
  [warn] Failed to parse /System/Volumes/Data/Users/nagapavankumar.mudigonda/Library/CloudStorage/OneDrive-ThomsonReutersIncorporated/ciam-bulk/edgar/Data/VO-Validation - Results/VM10/VOApps-UltraTax CS 2023-passed-vm10.csv: ETIMEDOUT: connection timed out, read
  [warn] Failed to parse /System/Volumes/Data/Users/nagapavankumar.mudigonda/Library/CloudStorage/OneDrive-ThomsonReutersIncorporated/ciam-bulk/edgar/Data/VO-Validation - Results/VM10/failed-20240128-vm10.csv: ETIMEDOUT: connection timed out, read
  [warn] Failed to parse /System/Volumes/Data/Users/nagapavankumar.mudigonda/Library/CloudStorage/OneDrive-ThomsonReutersIncorporated/ciam-bulk/edgar/Data/VO-Validation - Results/VM11/VOApps-Accounting CS-failed-vm11.csv: ETIMEDOUT: connection timed out, read
  [warn] Failed to parse /System/Volumes/Data/Users/nagapavankumar.mudigonda/Library/CloudStorage/OneDrive-ThomsonReutersIncorporated/ciam-bulk/edgar/Data/VO-Validation - Results/VM11/VOApps-FileCabinet CS-failed-vm11.csv: ETIMEDOUT: connection timed out, read
  [warn] Failed to parse /System/Volumes/Data/Users/nagapavankumar.mudigonda/Library/CloudStorage/OneDrive-ThomsonReutersIncorporated/ciam-bulk/edgar/Data/VO-Validation - Results/VM11/VOApps-Microsoft Excel 2016-failed-vm11.csv: ETIMEDOUT: connection timed out, read
  [warn] Failed to parse /System/Volumes/Data/Users/nagapavankumar.mudigonda/Library/CloudStorage/OneDrive-ThomsonReutersIncorporated/ciam-bulk/edgar/Data/VO-Validation - Results/VM11/VOApps-Microsoft Outlook 2016-failed-vm11.csv: ETIMEDOUT: connection timed out, read
  [warn] Failed to parse /System/Volumes/Data/Users/nagapavankumar.mudigonda/Library/CloudStorage/OneDrive-ThomsonReutersIncorporated/ciam-bulk/edgar/Data/VO-Validation - Results/VM11/VOApps-Microsoft Word 2016-failed-vm11.csv: ETIMEDOUT: connection timed out, read
  [warn] Failed to parse /System/Volumes/Data/Users/nagapavankumar.mudigonda/Library/CloudStorage/OneDrive-ThomsonReutersIncorporated/ciam-bulk/edgar/Data/VO-Validation - Results/VM11/VOApps-Practice CS-failed-vm11.csv: ETIMEDOUT: connection timed out, read
  [warn] Failed to parse /System/Volumes/Data/Users/nagapavankumar.mudigonda/Library/CloudStorage/OneDrive-ThomsonReutersIncorporated/ciam-bulk/edgar/Data/VO-Validation - Results/VM11/VOApps-UltraTax CS 2022-failed-vm11.csv: ETIMEDOUT: connection timed out, read
  [warn] Failed to parse /System/Volumes/Data/Users/nagapavankumar.mudigonda/Library/CloudStorage/OneDrive-ThomsonReutersIncorporated/ciam-bulk/edgar/Data/VO-Validation - Results/VM11/VOApps-UltraTax CS 2023-failed-vm11.csv: ETIMEDOUT: connection timed out, read
  [warn] Failed to parse /System/Volumes/Data/Users/nagapavankumar.mudigonda/Library/CloudStorage/OneDrive-ThomsonReutersIncorporated/ciam-bulk/edgar/Data/VO-Validation - Results/VM11/failed-20240128-vm11.csv: ETIMEDOUT: connection timed out, read
  [warn] Failed to parse /System/Volumes/Data/Users/nagapavankumar.mudigonda/Library/CloudStorage/OneDrive-ThomsonReutersIncorporated/input/avd/output/emails.csv: ETIMEDOUT: connection timed out, read
  [warn] Failed to parse /System/Volumes/Data/Users/nagapavankumar.mudigonda/Library/CloudStorage/OneDrive-ThomsonReutersIncorporated/input/ctx/Ouput/emails.csv: ETIMEDOUT: connection timed out, read
  [warn] Failed to parse /System/Volumes/Data/Users/nagapavankumar.mudigonda/Library/CloudStorage/OneDrive-ThomsonReutersIncorporated/input/tests/emails.csv: ETIMEDOUT: connection timed out, read

<--- Last few GCs --->

[92105:0x140018000]   135433 ms: Scavenge (during sweeping) 4087.5 (4094.4) -> 4087.4 (4095.4) MB, pooled: 0.0 MB, 2.35 / 0.00 ms (average mu = 0.282, current mu = 0.239) allocation failure; 
[92105:0x140018000]   135644 ms: Mark-Compact (reduce) 4092.2 (4099.1) -> 4089.7 (4096.1) MB, pooled: 0.0 MB, 169.38 / 0.00 ms (+ 2.6 ms in 70 steps since start of marking, biggest step 1.8 ms, walltime since start of marking 177 ms) (average mu = 0.248, 
FATAL ERROR: Ineffective mark-compacts near heap limit Allocation failed - JavaScript heap out of memory
----- Native stack trace -----

 1: 0x109321f94 node::OOMErrorHandler(char const*, v8::OOMDetails const&) [/opt/homebrew/Cellar/node/25.8.0/lib/libnode.141.dylib]
 2: 0x109645840 v8::Utils::ReportOOMFailure(v8::internal::Isolate*, char const*, v8::OOMDetails const&) [/opt/homebrew/Cellar/node/25.8.0/lib/libnode.141.dylib]
 3: 0x1096457f8 v8::internal::V8::FatalProcessOutOfMemory(v8::internal::Isolate*, char const*, v8::OOMDetails const&) [/opt/homebrew/Cellar/node/25.8.0/lib/libnode.141.dylib]
 4: 0x1097f33b8 v8::internal::Heap::ShouldOptimizeForLoadTime() const [/opt/homebrew/Cellar/node/25.8.0/lib/libnode.141.dylib]
 5: 0x1097f59c8 v8::internal::Heap::OldGenerationConsumedBytes() const [/opt/homebrew/Cellar/node/25.8.0/lib/libnode.141.dylib]
 6: 0x1097f5870 v8::internal::Heap::RecomputeLimits(v8::internal::GarbageCollector, v8::base::TimeTicks) [/opt/homebrew/Cellar/node/25.8.0/lib/libnode.141.dylib]
 7: 0x109803160 v8::internal::Heap::CollectGarbage(v8::internal::AllocationSpace, v8::internal::GarbageCollectionReason, v8::GCCallbackFlags, v8::internal::PerformHeapLimitCheck)::$_1::operator()() const [/opt/homebrew/Cellar/node/25.8.0/lib/libnode.141.dylib]
 8: 0x109802e04 void heap::base::Stack::SetMarkerAndCallbackImpl<v8::internal::Heap::CollectGarbage(v8::internal::AllocationSpace, v8::internal::GarbageCollectionReason, v8::GCCallbackFlags, v8::internal::PerformHeapLimitCheck)::$_1>(heap::base::Stack*, void*, void const*) [/opt/homebrew/Cellar/node/25.8.0/lib/libnode.141.dylib]
 9: 0x109e242b0 PushAllRegistersAndIterateStack [/opt/homebrew/Cellar/node/25.8.0/lib/libnode.141.dylib]
10: 0x1097f18b4 v8::internal::Heap::CollectGarbage(v8::internal::AllocationSpace, v8::internal::GarbageCollectionReason, v8::GCCallbackFlags, v8::internal::PerformHeapLimitCheck) [/opt/homebrew/Cellar/node/25.8.0/lib/libnode.141.dylib]
11: 0x1097e9e50 std::__1::invoke_result<v8::internal::HeapAllocator::AllocateRawWithRetryOrFailSlowPath(int, v8::internal::AllocationType, v8::internal::AllocationOrigin, v8::internal::AllocationAlignment, v8::internal::AllocationHint)::$_0&>::type v8::internal::HeapAllocator::CollectGarbageAndRetryAllocation<v8::internal::HeapAllocator::AllocateRawWithRetryOrFailSlowPath(int, v8::internal::AllocationType, v8::internal::AllocationOrigin, v8::internal::AllocationAlignment, v8::internal::AllocationHint)::$_0&>(v8::internal::HeapAllocator::AllocateRawWithRetryOrFailSlowPath(int, v8::internal::AllocationType, v8::internal::AllocationOrigin, v8::internal::AllocationAlignment, v8::internal::AllocationHint)::$_0&, v8::internal::AllocationType) [/opt/homebrew/Cellar/node/25.8.0/lib/libnode.141.dylib]
12: 0x1097e8cbc v8::internal::HeapAllocator::AllocateRawWithRetryOrFailSlowPath(int, v8::internal::AllocationType, v8::internal::AllocationOrigin, v8::internal::AllocationAlignment, v8::internal::AllocationHint) [/opt/homebrew/Cellar/node/25.8.0/lib/libnode.141.dylib]
13: 0x1097bfa20 v8::internal::FactoryBase<v8::internal::Factory>::AllocateRawArray(int, v8::internal::AllocationType, v8::internal::AllocationHint) [/opt/homebrew/Cellar/node/25.8.0/lib/libnode.141.dylib]
14: 0x1097ced8c v8::internal::Handle<v8::internal::FixedArray> v8::internal::TaggedArrayBase<v8::internal::FixedArray, v8::internal::TaggedArrayShape, v8::internal::HeapObjectLayout>::Allocate<v8::internal::Isolate>(v8::internal::Isolate*, int, std::__1::optional<v8::internal::PerThreadAssertScopeEmpty<false, (v8::internal::PerThreadAssertType)1, (v8::internal::PerThreadAssertType)2>>*, v8::internal::AllocationType, v8::internal::AllocationHint) [/opt/homebrew/Cellar/node/25.8.0/lib/libnode.141.dylib]
15: 0x1097bf4c4 v8::internal::FactoryBase<v8::internal::Factory>::NewFixedArray(int, v8::internal::AllocationType, v8::internal::AllocationHint) [/opt/homebrew/Cellar/node/25.8.0/lib/libnode.141.dylib]
16: 0x1097dca68 v8::internal::Factory::NewJSArray(v8::internal::ElementsKind, int, int, v8::internal::ArrayStorageAllocationMode, v8::internal::AllocationType) [/opt/homebrew/Cellar/node/25.8.0/lib/libnode.141.dylib]
17: 0x10993b484 v8::internal::ElementsAccessor::Concat(v8::internal::Isolate*, v8::internal::BuiltinArguments*, unsigned int, unsigned int) [/opt/homebrew/Cellar/node/25.8.0/lib/libnode.141.dylib]
18: 0x10968193c v8::internal::Builtin_ArrayConcat(int, unsigned long*, v8::internal::Isolate*) [/opt/homebrew/Cellar/node/25.8.0/lib/libnode.141.dylib]
19: 0x109129394 Builtins_CEntry_Return1_ArgvOnStack_BuiltinExit [/opt/homebrew/Cellar/node/25.8.0/lib/libnode.141.dylib]
20: 0x1270978a0 
21: 0x109157c84 Builtins_ArrayMap [/opt/homebrew/Cellar/node/25.8.0/lib/libnode.141.dylib]
22: 0x127052d4c 
23: 0x1090895ec Builtins_InterpreterEntryTrampoline [/opt/homebrew/Cellar/node/25.8.0/lib/libnode.141.dylib]
24: 0x1090c74c4 Builtins_AsyncFunctionAwaitResolveClosure [/opt/homebrew/Cellar/node/25.8.0/lib/libnode.141.dylib]
25: 0x10919e058 Builtins_PromiseFulfillReactionJob [/opt/homebrew/Cellar/node/25.8.0/lib/libnode.141.dylib]
26: 0x1090b6920 Builtins_RunMicrotasks [/opt/homebrew/Cellar/node/25.8.0/lib/libnode.141.dylib]
27: 0x109086850 Builtins_JSRunMicrotasksEntry [/opt/homebrew/Cellar/node/25.8.0/lib/libnode.141.dylib]
28: 0x10975bb78 v8::internal::(anonymous namespace)::Invoke(v8::internal::Isolate*, v8::internal::(anonymous namespace)::InvokeParams const&) [/opt/homebrew/Cellar/node/25.8.0/lib/libnode.141.dylib]
29: 0x10975c228 v8::internal::(anonymous namespace)::InvokeWithTryCatch(v8::internal::Isolate*, v8::internal::(anonymous namespace)::InvokeParams const&) [/opt/homebrew/Cellar/node/25.8.0/lib/libnode.141.dylib]
30: 0x10975c318 v8::internal::Execution::TryRunMicrotasks(v8::internal::Isolate*, v8::internal::MicrotaskQueue*) [/opt/homebrew/Cellar/node/25.8.0/lib/libnode.141.dylib]
31: 0x10977e4c4 v8::internal::MicrotaskQueue::RunMicrotasks(v8::internal::Isolate*) [/opt/homebrew/Cellar/node/25.8.0/lib/libnode.141.dylib]
32: 0x10977e2e0 v8::internal::MicrotaskQueue::PerformCheckpointInternal(v8::Isolate*) [/opt/homebrew/Cellar/node/25.8.0/lib/libnode.141.dylib]
33: 0x109267da8 node::InternalCallbackScope::Close() [/opt/homebrew/Cellar/node/25.8.0/lib/libnode.141.dylib]
34: 0x1092680fc node::InternalMakeCallback(node::Environment*, v8::Local<v8::Object>, v8::Local<v8::Object>, v8::Local<v8::Function>, int, v8::Local<v8::Value>*, node::async_context, v8::Local<v8::Value>) [/opt/homebrew/Cellar/node/25.8.0/lib/libnode.141.dylib]
35: 0x109277028 node::AsyncWrap::MakeCallback(v8::Local<v8::Function>, int, v8::Local<v8::Value>*) [/opt/homebrew/Cellar/node/25.8.0/lib/libnode.141.dylib]
36: 0x109326da0 node::fs::FSReqCallback::Resolve(v8::Local<v8::Value>) [/opt/homebrew/Cellar/node/25.8.0/lib/libnode.141.dylib]
37: 0x109327a3c node::fs::AfterScanDir(uv_fs_s*) [/opt/homebrew/Cellar/node/25.8.0/lib/libnode.141.dylib]
38: 0x10931b7ac node::MakeLibuvRequestCallback<uv_fs_s, void (*)(uv_fs_s*)>::Wrapper(uv_fs_s*) [/opt/homebrew/Cellar/node/25.8.0/lib/libnode.141.dylib]
39: 0x105002db8 uv__work_done [/opt/homebrew/Cellar/libuv/1.52.0/lib/libuv.1.0.0.dylib]
40: 0x105006320 uv__async_io [/opt/homebrew/Cellar/libuv/1.52.0/lib/libuv.1.0.0.dylib]
41: 0x105015088 uv__io_poll [/opt/homebrew/Cellar/libuv/1.52.0/lib/libuv.1.0.0.dylib]
42: 0x105006ab8 uv_run [/opt/homebrew/Cellar/libuv/1.52.0/lib/libuv.1.0.0.dylib]
43: 0x109268e2c node::SpinEventLoopInternal(node::Environment*) [/opt/homebrew/Cellar/node/25.8.0/lib/libnode.141.dylib]
44: 0x109350704 node::NodeMainInstance::Run(node::ExitCode*, node::Environment*) [/opt/homebrew/Cellar/node/25.8.0/lib/libnode.141.dylib]
45: 0x109350438 node::NodeMainInstance::Run() [/opt/homebrew/Cellar/node/25.8.0/lib/libnode.141.dylib]
46: 0x1092f46f8 node::Start(int, char**) [/opt/homebrew/Cellar/node/25.8.0/lib/libnode.141.dylib]
47: 0x182082b98 start [/usr/lib/dyld]
[2]    92105 abort      ado-sync push --dry-run
➜  .csv git:(main) ✗ 
